#
# There is insufficient memory for the Java Runtime Environment to continue.
# Native memory allocation (mmap) failed to map 148897792 bytes for committing reserved memory.
# Possible reasons:
#   The system is out of physical RAM or swap space
#   In 32 bit mode, the process size limit was hit
# Possible solutions:
#   Reduce memory load on the system
#   Increase physical memory or swap space
#   Check if swap backing store is full
#   Use 64 bit Java on a 64 bit OS
#   Decrease Java heap size (-Xmx/-Xms)
#   Decrease number of Java threads
#   Decrease Java thread stack sizes (-Xss)
#   Set larger code cache with -XX:ReservedCodeCacheSize=
# This output file may be truncated or incomplete.
#
#  Out of Memory Error (os_linux.cpp:2640), pid=96, tid=0x00007feb59c37700
#
# JRE version: Java(TM) SE Runtime Environment (8.0_172-b11) (build 1.8.0_172-b11)
# Java VM: Java HotSpot(TM) 64-Bit Server VM (25.172-b11 mixed mode linux-amd64 compressed oops)
# Core dump written. Default location: /app/core or core.96
#

---------------  T H R E A D  ---------------

Current thread (0x00007feb70088800):  VMThread [stack: 0x00007feb59b38000,0x00007feb59c38000] [id=109]

Stack: [0x00007feb59b38000,0x00007feb59c38000],  sp=0x00007feb59c362d0,  free space=1016k
Native frames: (J=compiled Java code, j=interpreted, Vv=VM code, C=native code)
V  [libjvm.so+0xad221a]  VMError::report_and_die()+0x2ba
V  [libjvm.so+0x50185b]  report_vm_out_of_memory(char const*, int, unsigned long, VMErrorType, char const*)+0x8b
V  [libjvm.so+0x92fee3]  os::Linux::commit_memory_impl(char*, unsigned long, bool)+0x123
V  [libjvm.so+0x930109]  os::pd_commit_memory(char*, unsigned long, unsigned long, bool)+0x29
V  [libjvm.so+0x9273ca]  os::commit_memory(char*, unsigned long, unsigned long, bool)+0x2a
V  [libjvm.so+0x99d363]  PSVirtualSpace::expand_by(unsigned long)+0x53
V  [libjvm.so+0x99e768]  PSYoungGen::resize_generation(unsigned long, unsigned long)+0xf8
V  [libjvm.so+0x99d8c2]  PSYoungGen::resize(unsigned long, unsigned long)+0x22
V  [libjvm.so+0x99ab9b]  PSScavenge::invoke_no_policy()+0xf3b
V  [libjvm.so+0x99b321]  PSScavenge::invoke()+0x41
V  [libjvm.so+0x951df0]  ParallelScavengeHeap::failed_mem_allocate(unsigned long)+0x70
V  [libjvm.so+0xad3c97]  VM_ParallelGCFailedAllocation::doit()+0x97
V  [libjvm.so+0xadb7b5]  VM_Operation::evaluate()+0x55
V  [libjvm.so+0xad9b7a]  VMThread::evaluate_operation(VM_Operation*)+0xba
V  [libjvm.so+0xad9efe]  VMThread::loop()+0x1ce
V  [libjvm.so+0xada370]  VMThread::run()+0x70
V  [libjvm.so+0x930248]  java_start(Thread*)+0x108

VM_Operation (0x00007feb0477e460): ParallelGCFailedAllocation, mode: safepoint, requested by thread 0x00007feabc30d000


---------------  P R O C E S S  ---------------

Java Threads: ( => current thread )
  0x00007feabc156000 JavaThread "HystrixTimer-1" daemon [_thread_blocked, id=162, stack(0x00007fea73eff000,0x00007fea74000000)]
  0x00007feabc43f800 JavaThread "RxComputationScheduler-1" daemon [_thread_blocked, id=161, stack(0x00007feb0407b000,0x00007feb0417c000)]
  0x00007feabc42e000 JavaThread "RxScheduledExecutorPool-2" daemon [_thread_blocked, id=160, stack(0x00007feb0437c000,0x00007feb0447d000)]
  0x00007feabc42d000 JavaThread "RxScheduledExecutorPool-1" daemon [_thread_blocked, id=159, stack(0x00007feb0447d000,0x00007feb0457e000)]
  0x00007feabc38b000 JavaThread "DataPublisher" daemon [_thread_blocked, id=158, stack(0x00007feb0457e000,0x00007feb0467f000)]
  0x00007feabc30d000 JavaThread "PollingServerListUpdater-0" daemon [_thread_blocked, id=157, stack(0x00007feb0467f000,0x00007feb04780000)]
  0x00007feabc2ef800 JavaThread "NFLoadBalancer-PingTimer-users" daemon [_thread_blocked, id=156, stack(0x00007feb04780000,0x00007feb04881000)]
  0x00007feabc1df000 JavaThread "RibbonApacheHttpClientConfiguration.connectionManagerTimer" daemon [_thread_blocked, id=155, stack(0x00007feb04881000,0x00007feb04982000)]
  0x00007feabc00c800 JavaThread "expiringMap-0" daemon [_thread_blocked, id=154, stack(0x00007feb059f0000,0x00007feb05af1000)]
  0x00007fead4001000 JavaThread "DiscoveryClient-HeartbeatExecutor-0" daemon [_thread_blocked, id=153, stack(0x00007feb05af1000,0x00007feb05bf2000)]
  0x00007feae0001000 JavaThread "DiscoveryClient-CacheRefreshExecutor-0" daemon [_thread_blocked, id=152, stack(0x00007feb05bf2000,0x00007feb05cf3000)]
  0x00007feb70013000 JavaThread "DestroyJavaVM" [_thread_blocked, id=97, stack(0x00007feb76f7e000,0x00007feb7707e000)]
  0x00007feb7124c800 JavaThread "http-nio-8080-AsyncTimeout" daemon [_thread_blocked, id=151, stack(0x00007feb04b82000,0x00007feb04c83000)]
  0x00007feb7124b000 JavaThread "http-nio-8080-Acceptor-0" daemon [_thread_in_native, id=150, stack(0x00007feb04c83000,0x00007feb04d84000)]
  0x00007feb71248800 JavaThread "http-nio-8080-ClientPoller-1" daemon [_thread_in_native, id=149, stack(0x00007feb04d84000,0x00007feb04e85000)]
  0x00007feb7122e800 JavaThread "http-nio-8080-ClientPoller-0" daemon [_thread_in_native, id=148, stack(0x00007feb04e85000,0x00007feb04f86000)]
  0x00007feb71213000 JavaThread "http-nio-8080-exec-10" daemon [_thread_blocked, id=147, stack(0x00007feb04f86000,0x00007feb05087000)]
  0x00007feb71211000 JavaThread "http-nio-8080-exec-9" daemon [_thread_blocked, id=146, stack(0x00007feb05087000,0x00007feb05188000)]
  0x00007feb7120f000 JavaThread "http-nio-8080-exec-8" daemon [_thread_blocked, id=145, stack(0x00007feb05188000,0x00007feb05289000)]
  0x00007feb7120d000 JavaThread "http-nio-8080-exec-7" daemon [_thread_blocked, id=144, stack(0x00007feb05289000,0x00007feb0538a000)]
  0x00007feb7120b000 JavaThread "http-nio-8080-exec-6" daemon [_thread_blocked, id=143, stack(0x00007feb0538a000,0x00007feb0548b000)]
  0x00007feb71209000 JavaThread "http-nio-8080-exec-5" daemon [_thread_in_native, id=142, stack(0x00007feb0548b000,0x00007feb0558c000)]
  0x00007feb71207000 JavaThread "http-nio-8080-exec-4" daemon [_thread_blocked, id=141, stack(0x00007feb0558c000,0x00007feb0568d000)]
  0x00007feb71205800 JavaThread "http-nio-8080-exec-3" daemon [_thread_blocked, id=140, stack(0x00007feb0568d000,0x00007feb0578e000)]
  0x00007feb71204000 JavaThread "http-nio-8080-exec-2" daemon [_thread_blocked, id=139, stack(0x00007feb0578e000,0x00007feb0588f000)]
  0x00007feb711ea000 JavaThread "http-nio-8080-exec-1" daemon [_thread_blocked, id=138, stack(0x00007feb0588f000,0x00007feb05990000)]
  0x00007feb711e9800 JavaThread "NioBlockingSelector.BlockPoller-1" daemon [_thread_blocked, id=137, stack(0x00007feb58bad000,0x00007feb58cae000)]
  0x00007feb71169000 JavaThread "HystrixMetricPoller" daemon [_thread_blocked, id=136, stack(0x00007feb58086000,0x00007feb58187000)]
  0x00007feb71114000 JavaThread "DiscoveryClient-InstanceInfoReplicator-0" daemon [_thread_blocked, id=135, stack(0x00007feb05ef3000,0x00007feb05ff4000)]
  0x00007feb7111d000 JavaThread "DiscoveryClient-1" daemon [_thread_blocked, id=134, stack(0x00007feb05ff4000,0x00007feb060f5000)]
  0x00007feb7110c800 JavaThread "DiscoveryClient-0" daemon [_thread_blocked, id=133, stack(0x00007feb060f5000,0x00007feb061f6000)]
  0x00007feb710a9000 JavaThread "AsyncResolver-bootstrap-0" daemon [_thread_blocked, id=132, stack(0x00007feb06613000,0x00007feb06714000)]
  0x00007feb71091000 JavaThread "Eureka-JerseyClient-Conn-Cleaner2" daemon [_thread_blocked, id=131, stack(0x00007feb06714000,0x00007feb06815000)]
  0x00007feb71090000 JavaThread "Eureka-JerseyClient-Conn-Cleaner2" daemon [_thread_blocked, id=130, stack(0x00007feb06815000,0x00007feb06916000)]
  0x00007feb70efc000 JavaThread "SimpleHostRoutingFilter.connectionManagerTimer" daemon [_thread_blocked, id=129, stack(0x00007feb075fc000,0x00007feb076fd000)]
  0x00007feb70d30800 JavaThread "RxIoScheduler-1 (Evictor)" daemon [_thread_blocked, id=128, stack(0x00007feb07afd000,0x00007feb07bfe000)]
  0x00007feb70735800 JavaThread "container-0" [_thread_blocked, id=127, stack(0x00007feb07bfe000,0x00007feb07cff000)]
  0x00007feb70733800 JavaThread "ContainerBackgroundProcessor[StandardEngine[Tomcat]]" daemon [_thread_blocked, id=126, stack(0x00007feb07cff000,0x00007feb07e00000)]
  0x00007feb0004d000 JavaThread "spring.cloud.inetutils" daemon [_thread_blocked, id=125, stack(0x00007feb0c0ed000,0x00007feb0c1ee000)]
  0x00007feb700d2800 JavaThread "Service Thread" daemon [_thread_blocked, id=117, stack(0x00007feb5930c000,0x00007feb5940d000)]
  0x00007feb700cf800 JavaThread "C1 CompilerThread3" daemon [_thread_blocked, id=116, stack(0x00007feb5940e000,0x00007feb5950e000)]
  0x00007feb700cd800 JavaThread "C2 CompilerThread2" daemon [_thread_blocked, id=115, stack(0x00007feb5950f000,0x00007feb5960f000)]
  0x00007feb700cc000 JavaThread "C2 CompilerThread1" daemon [_thread_blocked, id=114, stack(0x00007feb59610000,0x00007feb59710000)]
  0x00007feb700c9000 JavaThread "C2 CompilerThread0" daemon [_thread_blocked, id=113, stack(0x00007feb59711000,0x00007feb59811000)]
  0x00007feb700c7800 JavaThread "Signal Dispatcher" daemon [_thread_blocked, id=112, stack(0x00007feb59811000,0x00007feb59912000)]
  0x00007feb70094800 JavaThread "Finalizer" daemon [_thread_blocked, id=111, stack(0x00007feb59935000,0x00007feb59a36000)]
  0x00007feb70092000 JavaThread "Reference Handler" daemon [_thread_blocked, id=110, stack(0x00007feb59a36000,0x00007feb59b37000)]

Other Threads:
=>0x00007feb70088800 VMThread [stack: 0x00007feb59b38000,0x00007feb59c38000] [id=109]
  0x00007feb700d7800 WatcherThread [stack: 0x00007feb5920c000,0x00007feb5930c000] [id=118]

VM state:at safepoint (normal execution)

VM Mutex/Monitor currently owned by a thread:  ([mutex/lock_event])
[0x00007feb70010410] Threads_lock - owner thread: 0x00007feb70088800
[0x00007feb70010910] Heap_lock - owner thread: 0x00007feabc30d000

Heap:
 PSYoungGen      total 465408K, used 25081K [0x00000000d7100000, 0x00000000f5900000, 0x0000000100000000)
  eden space 440320K, 0% used [0x00000000d7100000,0x00000000d7100000,0x00000000f1f00000)
  from space 25088K, 99% used [0x00000000f2800000,0x00000000f407e478,0x00000000f4080000)
  to   space 20480K, 0% used [0x00000000f4500000,0x00000000f4500000,0x00000000f5900000)
 ParOldGen       total 92160K, used 28835K [0x0000000085200000, 0x000000008ac00000, 0x00000000d7100000)
  object space 92160K, 31% used [0x0000000085200000,0x0000000086e28e98,0x000000008ac00000)
 Metaspace       used 51914K, capacity 52564K, committed 52992K, reserved 1095680K
  class space    used 6639K, capacity 6820K, committed 6912K, reserved 1048576K

Card table byte_map: [0x00007feb60c28000,0x00007feb61000000] byte_map_base: 0x00007feb607ff000

Marking Bits: (ParMarkBitMap*) 0x00007feb76445de0
 Begin Bits: [0x00007feb5c6b0000, 0x00007feb5e568000)
 End Bits:   [0x00007feb5e568000, 0x00007feb60420000)

Polling page: 0x00007feb77083000

CodeCache: size=245760Kb used=19102Kb max_used=19950Kb free=226657Kb
 bounds [0x00007feb61000000, 0x00007feb623c0000, 0x00007feb70000000]
 total_blobs=5278 nmethods=4770 adapters=420
 compilation: enabled

Compilation events (10 events):
Event: 55.453 Thread 0x00007feb700cf800 nmethod 5903 0x00007feb619e4b10 code [0x00007feb619e4c60, 0x00007feb619e4df0]
Event: 55.515 Thread 0x00007feb700cc000 nmethod 5902 0x00007feb62356290 code [0x00007feb62356400, 0x00007feb623567e8]
Event: 55.693 Thread 0x00007feb700cf800 5904       1       org.apache.http.util.ByteArrayBuffer::length (5 bytes)
Event: 55.716 Thread 0x00007feb700cf800 nmethod 5904 0x00007feb62355a90 code [0x00007feb62355be0, 0x00007feb62355cf0]
Event: 55.798 Thread 0x00007feb700cf800 5905       3       rx.internal.util.atomic.LinkedQueueNode::soNext (6 bytes)
Event: 55.799 Thread 0x00007feb700cf800 nmethod 5905 0x00007feb62355610 code [0x00007feb62355780, 0x00007feb623559d0]
Event: 55.803 Thread 0x00007feb700cf800 5906       3       rx.internal.util.unsafe.SpscUnboundedArrayQueue::size (33 bytes)
Event: 55.805 Thread 0x00007feb700cf800 nmethod 5906 0x00007feb6114a710 code [0x00007feb6114a8a0, 0x00007feb6114ac10]
Event: 55.805 Thread 0x00007feb700cf800 5907       3       rx.internal.util.unsafe.SpscUnboundedArrayQueue::lvProducerIndex (11 bytes)
Event: 55.805 Thread 0x00007feb700cf800 nmethod 5907 0x00007feb62355290 code [0x00007feb623553e0, 0x00007feb62355550]

GC Heap History (10 events):
Event: 10.256 GC heap after
Heap after GC invocations=8 (full 1):
 PSYoungGen      total 216576K, used 11766K [0x00000000d7100000, 0x00000000ed680000, 0x0000000100000000)
  eden space 204800K, 0% used [0x00000000d7100000,0x00000000d7100000,0x00000000e3900000)
  from space 11776K, 99% used [0x00000000e3900000,0x00000000e447db00,0x00000000e4480000)
  to   space 19968K, 0% used [0x00000000ec300000,0x00000000ec300000,0x00000000ed680000)
 ParOldGen       total 55808K, used 22752K [0x0000000085200000, 0x0000000088880000, 0x00000000d7100000)
  object space 55808K, 40% used [0x0000000085200000,0x00000000868380e0,0x0000000088880000)
 Metaspace       used 32989K, capacity 33284K, committed 33664K, reserved 1079296K
  class space    used 4061K, capacity 4166K, committed 4224K, reserved 1048576K
}
Event: 12.774 GC heap before
{Heap before GC invocations=9 (full 1):
 PSYoungGen      total 216576K, used 216566K [0x00000000d7100000, 0x00000000ed680000, 0x0000000100000000)
  eden space 204800K, 100% used [0x00000000d7100000,0x00000000e3900000,0x00000000e3900000)
  from space 11776K, 99% used [0x00000000e3900000,0x00000000e447db00,0x00000000e4480000)
  to   space 19968K, 0% used [0x00000000ec300000,0x00000000ec300000,0x00000000ed680000)
 ParOldGen       total 55808K, used 22752K [0x0000000085200000, 0x0000000088880000, 0x00000000d7100000)
  object space 55808K, 40% used [0x0000000085200000,0x00000000868380e0,0x0000000088880000)
 Metaspace       used 34579K, capacity 34908K, committed 35200K, reserved 1079296K
  class space    used 4289K, capacity 4362K, committed 4480K, reserved 1048576K
Event: 12.825 GC heap after
Heap after GC invocations=9 (full 1):
 PSYoungGen      total 342016K, used 19958K [0x00000000d7100000, 0x00000000eda80000, 0x0000000100000000)
  eden space 322048K, 0% used [0x00000000d7100000,0x00000000d7100000,0x00000000eab80000)
  from space 19968K, 99% used [0x00000000ec300000,0x00000000ed67daa0,0x00000000ed680000)
  to   space 24064K, 0% used [0x00000000eab80000,0x00000000eab80000,0x00000000ec300000)
 ParOldGen       total 55808K, used 23988K [0x0000000085200000, 0x0000000088880000, 0x00000000d7100000)
  object space 55808K, 42% used [0x0000000085200000,0x000000008696d0d8,0x0000000088880000)
 Metaspace       used 34579K, capacity 34908K, committed 35200K, reserved 1079296K
  class space    used 4289K, capacity 4362K, committed 4480K, reserved 1048576K
}
Event: 13.672 GC heap before
{Heap before GC invocations=10 (full 1):
 PSYoungGen      total 342016K, used 92932K [0x00000000d7100000, 0x00000000eda80000, 0x0000000100000000)
  eden space 322048K, 22% used [0x00000000d7100000,0x00000000db843778,0x00000000eab80000)
  from space 19968K, 99% used [0x00000000ec300000,0x00000000ed67daa0,0x00000000ed680000)
  to   space 24064K, 0% used [0x00000000eab80000,0x00000000eab80000,0x00000000ec300000)
 ParOldGen       total 55808K, used 23988K [0x0000000085200000, 0x0000000088880000, 0x00000000d7100000)
  object space 55808K, 42% used [0x0000000085200000,0x000000008696d0d8,0x0000000088880000)
 Metaspace       used 34914K, capacity 35234K, committed 35456K, reserved 1081344K
  class space    used 4320K, capacity 4427K, committed 4480K, reserved 1048576K
Event: 13.767 GC heap after
Heap after GC invocations=10 (full 1):
 PSYoungGen      total 346112K, used 11044K [0x00000000d7100000, 0x00000000f5b00000, 0x0000000100000000)
  eden space 322048K, 0% used [0x00000000d7100000,0x00000000d7100000,0x00000000eab80000)
  from space 24064K, 45% used [0x00000000eab80000,0x00000000eb649318,0x00000000ec300000)
  to   space 22528K, 0% used [0x00000000f4500000,0x00000000f4500000,0x00000000f5b00000)
 ParOldGen       total 55808K, used 30136K [0x0000000085200000, 0x0000000088880000, 0x00000000d7100000)
  object space 55808K, 54% used [0x0000000085200000,0x0000000086f6e148,0x0000000088880000)
 Metaspace       used 34914K, capacity 35234K, committed 35456K, reserved 1081344K
  class space    used 4320K, capacity 4427K, committed 4480K, reserved 1048576K
}
Event: 13.767 GC heap before
{Heap before GC invocations=11 (full 2):
 PSYoungGen      total 346112K, used 11044K [0x00000000d7100000, 0x00000000f5b00000, 0x0000000100000000)
  eden space 322048K, 0% used [0x00000000d7100000,0x00000000d7100000,0x00000000eab80000)
  from space 24064K, 45% used [0x00000000eab80000,0x00000000eb649318,0x00000000ec300000)
  to   space 22528K, 0% used [0x00000000f4500000,0x00000000f4500000,0x00000000f5b00000)
 ParOldGen       total 55808K, used 30136K [0x0000000085200000, 0x0000000088880000, 0x00000000d7100000)
  object space 55808K, 54% used [0x0000000085200000,0x0000000086f6e148,0x0000000088880000)
 Metaspace       used 34914K, capacity 35234K, committed 35456K, reserved 1081344K
  class space    used 4320K, capacity 4427K, committed 4480K, reserved 1048576K
Event: 14.045 GC heap after
Heap after GC invocations=11 (full 2):
 PSYoungGen      total 346112K, used 0K [0x00000000d7100000, 0x00000000f5b00000, 0x0000000100000000)
  eden space 322048K, 0% used [0x00000000d7100000,0x00000000d7100000,0x00000000eab80000)
  from space 24064K, 0% used [0x00000000eab80000,0x00000000eab80000,0x00000000ec300000)
  to   space 22528K, 0% used [0x00000000f4500000,0x00000000f4500000,0x00000000f5b00000)
 ParOldGen       total 92160K, used 23562K [0x0000000085200000, 0x000000008ac00000, 0x00000000d7100000)
  object space 92160K, 25% used [0x0000000085200000,0x00000000869028a0,0x000000008ac00000)
 Metaspace       used 34914K, capacity 35234K, committed 35456K, reserved 1081344K
  class space    used 4320K, capacity 4427K, committed 4480K, reserved 1048576K
}
Event: 17.069 GC heap before
{Heap before GC invocations=12 (full 2):
 PSYoungGen      total 346112K, used 322048K [0x00000000d7100000, 0x00000000f5b00000, 0x0000000100000000)
  eden space 322048K, 100% used [0x00000000d7100000,0x00000000eab80000,0x00000000eab80000)
  from space 24064K, 0% used [0x00000000eab80000,0x00000000eab80000,0x00000000ec300000)
  to   space 22528K, 0% used [0x00000000f4500000,0x00000000f4500000,0x00000000f5b00000)
 ParOldGen       total 92160K, used 23562K [0x0000000085200000, 0x000000008ac00000, 0x00000000d7100000)
  object space 92160K, 25% used [0x0000000085200000,0x00000000869028a0,0x000000008ac00000)
 Metaspace       used 37489K, capacity 37818K, committed 38144K, reserved 1083392K
  class space    used 4658K, capacity 4751K, committed 4864K, reserved 1048576K
Event: 17.092 GC heap after
Heap after GC invocations=12 (full 2):
 PSYoungGen      total 460800K, used 20360K [0x00000000d7100000, 0x00000000f5900000, 0x0000000100000000)
  eden space 440320K, 0% used [0x00000000d7100000,0x00000000d7100000,0x00000000f1f00000)
  from space 20480K, 99% used [0x00000000f4500000,0x00000000f58e2288,0x00000000f5900000)
  to   space 25088K, 0% used [0x00000000f2800000,0x00000000f2800000,0x00000000f4080000)
 ParOldGen       total 92160K, used 23570K [0x0000000085200000, 0x000000008ac00000, 0x00000000d7100000)
  object space 92160K, 25% used [0x0000000085200000,0x00000000869048a0,0x000000008ac00000)
 Metaspace       used 37489K, capacity 37818K, committed 38144K, reserved 1083392K
  class space    used 4658K, capacity 4751K, committed 4864K, reserved 1048576K
}
Event: 55.919 GC heap before
{Heap before GC invocations=13 (full 2):
 PSYoungGen      total 460800K, used 460680K [0x00000000d7100000, 0x00000000f5900000, 0x0000000100000000)
  eden space 440320K, 100% used [0x00000000d7100000,0x00000000f1f00000,0x00000000f1f00000)
  from space 20480K, 99% used [0x00000000f4500000,0x00000000f58e2288,0x00000000f5900000)
  to   space 25088K, 0% used [0x00000000f2800000,0x00000000f2800000,0x00000000f4080000)
 ParOldGen       total 92160K, used 23570K [0x0000000085200000, 0x000000008ac00000, 0x00000000d7100000)
  object space 92160K, 25% used [0x0000000085200000,0x00000000869048a0,0x000000008ac00000)
 Metaspace       used 51914K, capacity 52564K, committed 52992K, reserved 1095680K
  class space    used 6639K, capacity 6820K, committed 6912K, reserved 1048576K

Deoptimization events (10 events):
Event: 43.898 Thread 0x00007feb711ea000 Uncommon trap: reason=bimorphic action=maybe_recompile pc=0x00007feb62328ac4 method=java.util.AbstractList$Itr.next()Ljava/lang/Object; @ 14
Event: 43.898 Thread 0x00007feb711ea000 Uncommon trap: reason=bimorphic action=maybe_recompile pc=0x00007feb62328ac4 method=java.util.AbstractList$Itr.next()Ljava/lang/Object; @ 14
Event: 43.898 Thread 0x00007feb711ea000 Uncommon trap: reason=bimorphic action=maybe_recompile pc=0x00007feb62328ac4 method=java.util.AbstractList$Itr.next()Ljava/lang/Object; @ 14
Event: 43.951 Thread 0x00007feb711ea000 Uncommon trap: reason=null_check action=make_not_entrant pc=0x00007feb6239a468 method=org.springframework.core.annotation.AnnotatedElementUtils.searchWithFindSemantics(Ljava/lang/reflect/AnnotatedElement;Ljava/lang/Class;Ljava/lang/String;Ljava/lang/Class
Event: 50.899 Thread 0x00007feae0001000 Uncommon trap: reason=bimorphic action=maybe_recompile pc=0x00007feb61b24488 method=java.util.zip.InflaterInputStream.read([BII)I @ 100
Event: 50.902 Thread 0x00007feae0001000 Uncommon trap: reason=bimorphic action=maybe_recompile pc=0x00007feb61b24488 method=java.util.zip.InflaterInputStream.read([BII)I @ 100
Event: 54.224 Thread 0x00007feb71248800 Uncommon trap: reason=bimorphic action=maybe_recompile pc=0x00007feb61b6cdfc method=java.util.HashMap.removeNode(ILjava/lang/Object;Ljava/lang/Object;ZZ)Ljava/util/HashMap$Node; @ 68
Event: 54.482 Thread 0x00007feb71209000 Uncommon trap: reason=unstable_if action=reinterpret pc=0x00007feb61f2d9e4 method=org.springframework.beans.factory.support.AbstractBeanFactory.isTypeMatch(Ljava/lang/String;Lorg/springframework/core/ResolvableType;)Z @ 206
Event: 54.688 Thread 0x00007feb71209000 Uncommon trap: reason=null_check action=make_not_entrant pc=0x00007feb616217f4 method=org.springframework.beans.ExtendedBeanInfo.isCandidateWriteMethod(Ljava/lang/reflect/Method;)Z @ 47
Event: 55.223 Thread 0x00007feb7122e800 Uncommon trap: reason=bimorphic action=maybe_recompile pc=0x00007feb61b6cdfc method=java.util.HashMap.removeNode(ILjava/lang/Object;Ljava/lang/Object;ZZ)Ljava/util/HashMap$Node; @ 68

Classes redefined (0 events):
No events

Internal exceptions (10 events):
Event: 55.051 Thread 0x00007feb71209000 Exception <a 'java/lang/ClassNotFoundException': com/netflix/client/AbstractLoadBalancerAwareClientCustomizer> (0x00000000f07bfa68) thrown at [/HUDSON/workspace/8-2-build-linux-amd64/jdk8u172/10810/hotspot/src/share/vm/classfile/systemDictionary.cpp, line
Event: 55.053 Thread 0x00007feb71209000 Exception <a 'java/lang/ClassNotFoundException': org/springframework/cloud/netflix/ribbon/support/AbstractLoadBalancingClientCustomizer> (0x00000000f07f3188) thrown at [/HUDSON/workspace/8-2-build-linux-amd64/jdk8u172/10810/hotspot/src/share/vm/classfile/
Event: 55.053 Thread 0x00007feb71209000 Exception <a 'java/lang/ClassNotFoundException': org/springframework/cloud/netflix/ribbon/apache/RibbonLoadBalancingHttpClientCustomizer> (0x00000000f0828f68) thrown at [/HUDSON/workspace/8-2-build-linux-amd64/jdk8u172/10810/hotspot/src/share/vm/classfile
Event: 55.054 Thread 0x00007feb71209000 Exception <a 'java/lang/ClassNotFoundException': com/netflix/client/IClientCustomizer> (0x00000000f0853f68) thrown at [/HUDSON/workspace/8-2-build-linux-amd64/jdk8u172/10810/hotspot/src/share/vm/classfile/systemDictionary.cpp, line 210]
Event: 55.055 Thread 0x00007feb71209000 Exception <a 'java/lang/ClassNotFoundException': com/netflix/client/IClientConfigAwareCustomizer> (0x00000000f0872b40) thrown at [/HUDSON/workspace/8-2-build-linux-amd64/jdk8u172/10810/hotspot/src/share/vm/classfile/systemDictionary.cpp, line 210]
Event: 55.055 Thread 0x00007feb71209000 Exception <a 'java/lang/ClassNotFoundException': com/netflix/client/IClientConfigAwareCustomizer> (0x00000000f0890c10) thrown at [/HUDSON/workspace/8-2-build-linux-amd64/jdk8u172/10810/hotspot/src/share/vm/classfile/systemDictionary.cpp, line 210]
Event: 55.058 Thread 0x00007feb71209000 Exception <a 'java/lang/ClassNotFoundException': org/springframework/cloud/netflix/ribbon/RibbonLoadBalancerContextBeanInfo> (0x00000000f08cde88) thrown at [/HUDSON/workspace/8-2-build-linux-amd64/jdk8u172/10810/hotspot/src/share/vm/classfile/systemDictio
Event: 55.059 Thread 0x00007feb71209000 Exception <a 'java/lang/ClassNotFoundException': org/springframework/cloud/netflix/ribbon/RibbonLoadBalancerContextCustomizer> (0x00000000f08f6d48) thrown at [/HUDSON/workspace/8-2-build-linux-amd64/jdk8u172/10810/hotspot/src/share/vm/classfile/systemDict
Event: 55.060 Thread 0x00007feb71209000 Exception <a 'java/lang/ClassNotFoundException': com/netflix/client/IClientConfigAwareCustomizer> (0x00000000f091fd18) thrown at [/HUDSON/workspace/8-2-build-linux-amd64/jdk8u172/10810/hotspot/src/share/vm/classfile/systemDictionary.cpp, line 210]
Event: 55.124 Thread 0x00007feb71209000 Exception <a 'java/lang/reflect/InvocationTargetException'> (0x00000000f0d25060) thrown at [/HUDSON/workspace/8-2-build-linux-amd64/jdk8u172/10810/hotspot/src/share/vm/runtime/reflection.cpp, line 1092]

Events (10 events):
Event: 55.803 Executing VM operation: RevokeBias
Event: 55.803 Executing VM operation: RevokeBias done
Event: 55.803 Executing VM operation: RevokeBias
Event: 55.803 Executing VM operation: RevokeBias done
Event: 55.805 Thread 0x00007feb700cf800 flushing nmethod 0x00007feb611d8310
Event: 55.805 Thread 0x00007feb700cf800 flushing nmethod 0x00007feb611e9990
Event: 55.805 Thread 0x00007feb700cf800 flushing nmethod 0x00007feb61249250
Event: 55.805 Thread 0x00007feb700cf800 flushing nmethod 0x00007feb61256750
Event: 55.806 Thread 0x00007feb700cf800 flushing nmethod 0x00007feb6132d750
Event: 55.915 Executing VM operation: ParallelGCFailedAllocation


Dynamic libraries:
00400000-00401000 r-xp 00000000 00:4e 41                                 /opt/jdk1.8.0_172/bin/java
00600000-00601000 rw-p 00000000 00:4e 41                                 /opt/jdk1.8.0_172/bin/java
02182000-021a3000 rw-p 00000000 00:00 0                                  [heap]
85200000-8ac00000 rw-p 00000000 00:00 0 
8ac00000-d7100000 ---p 00000000 00:00 0 
d7100000-f5900000 rw-p 00000000 00:00 0 
fe700000-100000000 ---p 00000000 00:00 0 
100000000-1006c0000 rw-p 00000000 00:00 0 
1006c0000-140000000 ---p 00000000 00:00 0 
7fea6c000000-7fea6c021000 rw-p 00000000 00:00 0 
7fea6c021000-7fea70000000 ---p 00000000 00:00 0 
7fea73eff000-7fea73f02000 ---p 00000000 00:00 0 
7fea73f02000-7fea74000000 rw-p 00000000 00:00 0 
7fea74000000-7fea74021000 rw-p 00000000 00:00 0 
7fea74021000-7fea78000000 ---p 00000000 00:00 0 
7fea78000000-7fea78021000 rw-p 00000000 00:00 0 
7fea78021000-7fea7c000000 ---p 00000000 00:00 0 
7fea7c000000-7fea7c021000 rw-p 00000000 00:00 0 
7fea7c021000-7fea80000000 ---p 00000000 00:00 0 
7fea80000000-7fea80021000 rw-p 00000000 00:00 0 
7fea80021000-7fea84000000 ---p 00000000 00:00 0 
7fea84000000-7fea84021000 rw-p 00000000 00:00 0 
7fea84021000-7fea88000000 ---p 00000000 00:00 0 
7fea88000000-7fea88021000 rw-p 00000000 00:00 0 
7fea88021000-7fea8c000000 ---p 00000000 00:00 0 
7fea8c000000-7fea8c021000 rw-p 00000000 00:00 0 
7fea8c021000-7fea90000000 ---p 00000000 00:00 0 
7fea90000000-7fea90021000 rw-p 00000000 00:00 0 
7fea90021000-7fea94000000 ---p 00000000 00:00 0 
7fea94000000-7fea940d7000 rw-p 00000000 00:00 0 
7fea940d7000-7fea98000000 ---p 00000000 00:00 0 
7fea98000000-7fea98021000 rw-p 00000000 00:00 0 
7fea98021000-7fea9c000000 ---p 00000000 00:00 0 
7fea9c000000-7fea9c021000 rw-p 00000000 00:00 0 
7fea9c021000-7feaa0000000 ---p 00000000 00:00 0 
7feaa0000000-7feaa0021000 rw-p 00000000 00:00 0 
7feaa0021000-7feaa4000000 ---p 00000000 00:00 0 
7feaa4000000-7feaa4021000 rw-p 00000000 00:00 0 
7feaa4021000-7feaa8000000 ---p 00000000 00:00 0 
7feaa8000000-7feaa8021000 rw-p 00000000 00:00 0 
7feaa8021000-7feaac000000 ---p 00000000 00:00 0 
7feaac000000-7feaac021000 rw-p 00000000 00:00 0 
7feaac021000-7feab0000000 ---p 00000000 00:00 0 
7feab0000000-7feab0021000 rw-p 00000000 00:00 0 
7feab0021000-7feab4000000 ---p 00000000 00:00 0 
7feab4000000-7feab4021000 rw-p 00000000 00:00 0 
7feab4021000-7feab8000000 ---p 00000000 00:00 0 
7feab8000000-7feab8021000 rw-p 00000000 00:00 0 
7feab8021000-7feabc000000 ---p 00000000 00:00 0 
7feabc000000-7feabc453000 rw-p 00000000 00:00 0 
7feabc453000-7feac0000000 ---p 00000000 00:00 0 
7feac0000000-7feac0021000 rw-p 00000000 00:00 0 
7feac0021000-7feac4000000 ---p 00000000 00:00 0 
7feac4000000-7feac4021000 rw-p 00000000 00:00 0 
7feac4021000-7feac8000000 ---p 00000000 00:00 0 
7feac8000000-7feac8021000 rw-p 00000000 00:00 0 
7feac8021000-7feacc000000 ---p 00000000 00:00 0 
7feacc000000-7feacc130000 rw-p 00000000 00:00 0 
7feacc130000-7fead0000000 ---p 00000000 00:00 0 
7fead0000000-7fead0021000 rw-p 00000000 00:00 0 
7fead0021000-7fead4000000 ---p 00000000 00:00 0 
7fead4000000-7fead4021000 rw-p 00000000 00:00 0 
7fead4021000-7fead8000000 ---p 00000000 00:00 0 
7fead8000000-7fead80ec000 rw-p 00000000 00:00 0 
7fead80ec000-7feadc000000 ---p 00000000 00:00 0 
7feadc000000-7feadc021000 rw-p 00000000 00:00 0 
7feadc021000-7feae0000000 ---p 00000000 00:00 0 
7feae0000000-7feae0021000 rw-p 00000000 00:00 0 
7feae0021000-7feae4000000 ---p 00000000 00:00 0 
7feae4000000-7feae4021000 rw-p 00000000 00:00 0 
7feae4021000-7feae8000000 ---p 00000000 00:00 0 
7feae8000000-7feae8021000 rw-p 00000000 00:00 0 
7feae8021000-7feaec000000 ---p 00000000 00:00 0 
7feaec000000-7feaec021000 rw-p 00000000 00:00 0 
7feaec021000-7feaf0000000 ---p 00000000 00:00 0 
7feaf0000000-7feaf0021000 rw-p 00000000 00:00 0 
7feaf0021000-7feaf4000000 ---p 00000000 00:00 0 
7feaf4000000-7feaf4021000 rw-p 00000000 00:00 0 
7feaf4021000-7feaf8000000 ---p 00000000 00:00 0 
7feaf8000000-7feaf8021000 rw-p 00000000 00:00 0 
7feaf8021000-7feafc000000 ---p 00000000 00:00 0 
7feafc000000-7feafc021000 rw-p 00000000 00:00 0 
7feafc021000-7feb00000000 ---p 00000000 00:00 0 
7feb00000000-7feb00154000 rw-p 00000000 00:00 0 
7feb00154000-7feb04000000 ---p 00000000 00:00 0 
7feb0407b000-7feb0407e000 ---p 00000000 00:00 0 
7feb0407e000-7feb0427c000 rw-p 00000000 00:00 0 
7feb0427c000-7feb0437c000 ---p 00000000 00:00 0 
7feb0437c000-7feb0437f000 ---p 00000000 00:00 0 
7feb0437f000-7feb0447d000 rw-p 00000000 00:00 0 
7feb0447d000-7feb04480000 ---p 00000000 00:00 0 
7feb04480000-7feb0457e000 rw-p 00000000 00:00 0 
7feb0457e000-7feb04581000 ---p 00000000 00:00 0 
7feb04581000-7feb0467f000 rw-p 00000000 00:00 0 
7feb0467f000-7feb04682000 ---p 00000000 00:00 0 
7feb04682000-7feb04780000 rw-p 00000000 00:00 0 
7feb04780000-7feb04783000 ---p 00000000 00:00 0 
7feb04783000-7feb04881000 rw-p 00000000 00:00 0 
7feb04881000-7feb04884000 ---p 00000000 00:00 0 
7feb04884000-7feb04b82000 rw-p 00000000 00:00 0 
7feb04b82000-7feb04b85000 ---p 00000000 00:00 0 
7feb04b85000-7feb04c83000 rw-p 00000000 00:00 0 
7feb04c83000-7feb04c86000 ---p 00000000 00:00 0 
7feb04c86000-7feb04d84000 rw-p 00000000 00:00 0 
7feb04d84000-7feb04d87000 ---p 00000000 00:00 0 
7feb04d87000-7feb04e85000 rw-p 00000000 00:00 0 
7feb04e85000-7feb04e88000 ---p 00000000 00:00 0 
7feb04e88000-7feb04f86000 rw-p 00000000 00:00 0 
7feb04f86000-7feb04f89000 ---p 00000000 00:00 0 
7feb04f89000-7feb05087000 rw-p 00000000 00:00 0 
7feb05087000-7feb0508a000 ---p 00000000 00:00 0 
7feb0508a000-7feb05188000 rw-p 00000000 00:00 0 
7feb05188000-7feb0518b000 ---p 00000000 00:00 0 
7feb0518b000-7feb05289000 rw-p 00000000 00:00 0 
7feb05289000-7feb0528c000 ---p 00000000 00:00 0 
7feb0528c000-7feb0538a000 rw-p 00000000 00:00 0 
7feb0538a000-7feb0538d000 ---p 00000000 00:00 0 
7feb0538d000-7feb0548b000 rw-p 00000000 00:00 0 
7feb0548b000-7feb0548e000 ---p 00000000 00:00 0 
7feb0548e000-7feb0558c000 rw-p 00000000 00:00 0 
7feb0558c000-7feb0558f000 ---p 00000000 00:00 0 
7feb0558f000-7feb0568d000 rw-p 00000000 00:00 0 
7feb0568d000-7feb05690000 ---p 00000000 00:00 0 
7feb05690000-7feb0578e000 rw-p 00000000 00:00 0 
7feb0578e000-7feb05791000 ---p 00000000 00:00 0 
7feb05791000-7feb0588f000 rw-p 00000000 00:00 0 
7feb0588f000-7feb05892000 ---p 00000000 00:00 0 
7feb05892000-7feb05990000 rw-p 00000000 00:00 0 
7feb059f0000-7feb059f3000 ---p 00000000 00:00 0 
7feb059f3000-7feb05af1000 rw-p 00000000 00:00 0 
7feb05af1000-7feb05af4000 ---p 00000000 00:00 0 
7feb05af4000-7feb05bf2000 rw-p 00000000 00:00 0 
7feb05bf2000-7feb05bf5000 ---p 00000000 00:00 0 
7feb05bf5000-7feb05ef3000 rw-p 00000000 00:00 0 
7feb05ef3000-7feb05ef6000 ---p 00000000 00:00 0 
7feb05ef6000-7feb05ff4000 rw-p 00000000 00:00 0 
7feb05ff4000-7feb05ff7000 ---p 00000000 00:00 0 
7feb05ff7000-7feb060f5000 rw-p 00000000 00:00 0 
7feb060f5000-7feb060f8000 ---p 00000000 00:00 0 
7feb060f8000-7feb061f6000 rw-p 00000000 00:00 0 
7feb061f6000-7feb06209000 r-xp 00000000 00:4e 148                        /usr/glibc-compat/lib/libresolv-2.27.so
7feb06209000-7feb06409000 ---p 00013000 00:4e 148                        /usr/glibc-compat/lib/libresolv-2.27.so
7feb06409000-7feb0640a000 r--p 00013000 00:4e 148                        /usr/glibc-compat/lib/libresolv-2.27.so
7feb0640a000-7feb0640b000 rw-p 00014000 00:4e 148                        /usr/glibc-compat/lib/libresolv-2.27.so
7feb0640b000-7feb0640d000 rw-p 00000000 00:00 0 
7feb0640d000-7feb06412000 r-xp 00000000 00:4e 146                        /usr/glibc-compat/lib/libnss_dns-2.27.so
7feb06412000-7feb06611000 ---p 00005000 00:4e 146                        /usr/glibc-compat/lib/libnss_dns-2.27.so
7feb06611000-7feb06612000 r--p 00004000 00:4e 146                        /usr/glibc-compat/lib/libnss_dns-2.27.so
7feb06612000-7feb06613000 rw-p 00005000 00:4e 146                        /usr/glibc-compat/lib/libnss_dns-2.27.so
7feb06613000-7feb06616000 ---p 00000000 00:00 0 
7feb06616000-7feb06714000 rw-p 00000000 00:00 0 
7feb06714000-7feb06717000 ---p 00000000 00:00 0 
7feb06717000-7feb06815000 rw-p 00000000 00:00 0 
7feb06815000-7feb06818000 ---p 00000000 00:00 0 
7feb06818000-7feb06b16000 rw-p 00000000 00:00 0 
7feb06b16000-7feb06d16000 rw-p 00000000 00:00 0 
7feb06d16000-7feb06d9f000 r-xp 00000000 00:4e 27                         /lib/ld-musl-x86_64.so.1
7feb06d9f000-7feb06f9e000 ---p 00089000 00:4e 27                         /lib/ld-musl-x86_64.so.1
7feb06f9e000-7feb06f9f000 r--p 00088000 00:4e 27                         /lib/ld-musl-x86_64.so.1
7feb06f9f000-7feb06fa0000 rw-p 00089000 00:4e 27                         /lib/ld-musl-x86_64.so.1
7feb06fa0000-7feb06fa3000 rw-p 00000000 00:00 0 
7feb06fa3000-7feb06fb4000 r-xp 00000000 00:4e 115                        /usr/lib/libgcc_s.so.1
7feb06fb4000-7feb071b3000 ---p 00011000 00:4e 115                        /usr/lib/libgcc_s.so.1
7feb071b3000-7feb071b4000 r--p 00010000 00:4e 115                        /usr/lib/libgcc_s.so.1
7feb071b4000-7feb071b5000 rw-p 00011000 00:4e 115                        /usr/lib/libgcc_s.so.1
7feb071b5000-7feb071e7000 r-xp 00000000 00:4e 139                        /opt/jdk1.8.0_172/jre/lib/amd64/libsunec.so
7feb071e7000-7feb073e6000 ---p 00032000 00:4e 139                        /opt/jdk1.8.0_172/jre/lib/amd64/libsunec.so
7feb073e6000-7feb073ec000 rw-p 00031000 00:4e 139                        /opt/jdk1.8.0_172/jre/lib/amd64/libsunec.so
7feb073ec000-7feb075fc000 rw-p 00000000 00:00 0 
7feb075fc000-7feb075ff000 ---p 00000000 00:00 0 
7feb075ff000-7feb078fd000 rw-p 00000000 00:00 0 
7feb078fd000-7feb07afd000 rw-p 00000000 00:00 0 
7feb07afd000-7feb07b00000 ---p 00000000 00:00 0 
7feb07b00000-7feb07bfe000 rw-p 00000000 00:00 0 
7feb07bfe000-7feb07c01000 ---p 00000000 00:00 0 
7feb07c01000-7feb07cff000 rw-p 00000000 00:00 0 
7feb07cff000-7feb07d02000 ---p 00000000 00:00 0 
7feb07d02000-7feb08000000 rw-p 00000000 00:00 0 
7feb08000000-7feb08283000 rw-p 00000000 00:00 0 
7feb08283000-7feb0c000000 ---p 00000000 00:00 0 
7feb0c0ed000-7feb0c0f0000 ---p 00000000 00:00 0 
7feb0c0f0000-7feb0c3ee000 rw-p 00000000 00:00 0 
7feb0c3ee000-7feb0c5ee000 rw-p 00000000 00:00 0 
7feb0c5ee000-7feb0c7ee000 rw-p 00000000 00:00 0 
7feb0c7ee000-7feb0c9ee000 rw-p 00000000 00:00 0 
7feb0c9ee000-7feb0cbee000 rw-p 00000000 00:00 0 
7feb0cbee000-7feb0cdee000 rw-p 00000000 00:00 0 
7feb0cdee000-7feb0cdff000 r-xp 00000000 00:4e 109                        /opt/jdk1.8.0_172/jre/lib/amd64/libnio.so
7feb0cdff000-7feb0cffe000 ---p 00011000 00:4e 109                        /opt/jdk1.8.0_172/jre/lib/amd64/libnio.so
7feb0cffe000-7feb0cfff000 rw-p 00010000 00:4e 109                        /opt/jdk1.8.0_172/jre/lib/amd64/libnio.so
7feb0cfff000-7feb10000000 rw-p 00000000 00:00 0 
7feb10000000-7feb10021000 rw-p 00000000 00:00 0 
7feb10021000-7feb14000000 ---p 00000000 00:00 0 
7feb14000000-7feb14021000 rw-p 00000000 00:00 0 
7feb14021000-7feb18000000 ---p 00000000 00:00 0 
7feb18000000-7feb1a885000 rw-p 00000000 00:00 0 
7feb1a885000-7feb1c000000 ---p 00000000 00:00 0 
7feb1c000000-7feb1cf7d000 rw-p 00000000 00:00 0 
7feb1cf7d000-7feb20000000 ---p 00000000 00:00 0 
7feb20000000-7feb21874000 rw-p 00000000 00:00 0 
7feb21874000-7feb24000000 ---p 00000000 00:00 0 
7feb24000000-7feb25a59000 rw-p 00000000 00:00 0 
7feb25a59000-7feb28000000 ---p 00000000 00:00 0 
7feb28000000-7feb28021000 rw-p 00000000 00:00 0 
7feb28021000-7feb2c000000 ---p 00000000 00:00 0 
7feb2c000000-7feb2c021000 rw-p 00000000 00:00 0 
7feb2c021000-7feb30000000 ---p 00000000 00:00 0 
7feb30000000-7feb30304000 rw-p 00000000 00:00 0 
7feb30304000-7feb34000000 ---p 00000000 00:00 0 
7feb34000000-7feb34021000 rw-p 00000000 00:00 0 
7feb34021000-7feb38000000 ---p 00000000 00:00 0 
7feb38000000-7feb38021000 rw-p 00000000 00:00 0 
7feb38021000-7feb3c000000 ---p 00000000 00:00 0 
7feb3c000000-7feb3c021000 rw-p 00000000 00:00 0 
7feb3c021000-7feb40000000 ---p 00000000 00:00 0 
7feb40000000-7feb4002b000 rw-p 00000000 00:00 0 
7feb4002b000-7feb44000000 ---p 00000000 00:00 0 
7feb44000000-7feb44021000 rw-p 00000000 00:00 0 
7feb44021000-7feb48000000 ---p 00000000 00:00 0 
7feb48000000-7feb48021000 rw-p 00000000 00:00 0 
7feb48021000-7feb4c000000 ---p 00000000 00:00 0 
7feb4c000000-7feb4c021000 rw-p 00000000 00:00 0 
7feb4c021000-7feb50000000 ---p 00000000 00:00 0 
7feb50000000-7feb50021000 rw-p 00000000 00:00 0 
7feb50021000-7feb54000000 ---p 00000000 00:00 0 
7feb54000000-7feb54021000 rw-p 00000000 00:00 0 
7feb54021000-7feb58000000 ---p 00000000 00:00 0 
7feb5807d000-7feb5807f000 r--s 00009000 00:4e 100                        /opt/jdk1.8.0_172/jre/lib/ext/sunec.jar
7feb5807f000-7feb58083000 r--s 0003a000 00:4e 98                         /opt/jdk1.8.0_172/jre/lib/ext/sunpkcs11.jar
7feb58083000-7feb58086000 r--s 0001a000 00:4e 86                         /opt/jdk1.8.0_172/jre/lib/jce.jar
7feb58086000-7feb58089000 ---p 00000000 00:00 0 
7feb58089000-7feb58187000 rw-p 00000000 00:00 0 
7feb58187000-7feb5818c000 r--s 002f9000 00:4e 87                         /opt/jdk1.8.0_172/jre/lib/charsets.jar
7feb5818c000-7feb58191000 r--s 0009d000 00:4e 85                         /opt/jdk1.8.0_172/jre/lib/jsse.jar
7feb58191000-7feb581a4000 r--s 00345000 00:4e 83                         /opt/jdk1.8.0_172/jre/lib/resources.jar
7feb581a4000-7feb583a4000 rw-p 00000000 00:00 0 
7feb583a4000-7feb585a4000 rw-p 00000000 00:00 0 
7feb585a4000-7feb587a4000 rw-p 00000000 00:00 0 
7feb587a4000-7feb589a4000 rw-p 00000000 00:00 0 
7feb589a4000-7feb589ad000 r-xp 00000000 00:4e 118                        /opt/jdk1.8.0_172/jre/lib/amd64/libmanagement.so
7feb589ad000-7feb58bac000 ---p 00009000 00:4e 118                        /opt/jdk1.8.0_172/jre/lib/amd64/libmanagement.so
7feb58bac000-7feb58bad000 rw-p 00008000 00:4e 118                        /opt/jdk1.8.0_172/jre/lib/amd64/libmanagement.so
7feb58bad000-7feb58bb0000 ---p 00000000 00:00 0 
7feb58bb0000-7feb58cae000 rw-p 00000000 00:00 0 
7feb58cae000-7feb58cc4000 r-xp 00000000 00:4e 108                        /opt/jdk1.8.0_172/jre/lib/amd64/libnet.so
7feb58cc4000-7feb58ec4000 ---p 00016000 00:4e 108                        /opt/jdk1.8.0_172/jre/lib/amd64/libnet.so
7feb58ec4000-7feb58ec5000 rw-p 00016000 00:4e 108                        /opt/jdk1.8.0_172/jre/lib/amd64/libnet.so
7feb58ec5000-7feb58eca000 r--s 00068000 08:05 948643                     /app/cache/caches/modules-2/files-2.1/antlr/antlr/2.7.7/83cd2cd674a217ade95a4bb83a8a14f351f48bd0/antlr-2.7.7.jar
7feb58eca000-7feb58ecd000 r--s 00022000 08:05 948635                     /app/cache/caches/modules-2/files-2.1/org.antlr/stringtemplate/3.2.1/59ec8083721eae215c6f3caee944c410d2be34de/stringtemplate-3.2.1.jar
7feb58ecd000-7feb58ed9000 r--s 00081000 08:05 948641                     /app/cache/caches/modules-2/files-2.1/io.netty/netty-common/4.1.22.Final/56ff4deca53fc791ed59ac2b72eb6718714a4de9/netty-common-4.1.22.Final.jar
7feb58ed9000-7feb58eda000 r--s 00007000 08:05 948627                     /app/cache/caches/modules-2/files-2.1/io.netty/netty-resolver/4.1.22.Final/b5484d17a97cb57b07d2a1ac092c249e47234c17/netty-resolver-4.1.22.Final.jar
7feb58eda000-7feb58ede000 r--s 0003f000 08:05 948625                     /app/cache/caches/modules-2/files-2.1/io.netty/netty-buffer/4.1.22.Final/15e964a2095031364f534a6e21977f5ee9ca32a9/netty-buffer-4.1.22.Final.jar
7feb58ede000-7feb58ee8000 r--s 00066000 08:05 948629                     /app/cache/caches/modules-2/files-2.1/io.netty/netty-transport/4.1.22.Final/3bd455cd9e5e5fb2e08fd9cd0acfa54c079ca989/netty-transport-4.1.22.Final.jar
7feb58ee8000-7feb58eef000 r--s 00047000 08:05 948631                     /app/cache/caches/modules-2/files-2.1/io.netty/netty-codec/4.1.22.Final/239c0af275952e70bb4adf7cf8c03d88ddc394c9/netty-codec-4.1.22.Final.jar
7feb58eef000-7feb58ef6000 r--s 00055000 08:05 948623                     /app/cache/caches/modules-2/files-2.1/io.netty/netty-handler/4.1.22.Final/a3a16b17d5a5ed6f784b0daba95e28d940356109/netty-handler-4.1.22.Final.jar
7feb58ef6000-7feb58f01000 r--s 0006a000 08:05 948645                     /app/cache/caches/modules-2/files-2.1/ch.qos.logback/logback-core/1.1.11/88b8df40340eed549fb07e2613879bf6b006704d/logback-core-1.1.11.jar
7feb58f01000-7feb58f06000 r--s 00034000 08:05 948619                     /app/cache/caches/modules-2/files-2.1/com.google.code.gson/gson/2.8.2/3edcfe49d2c6053a70a2a47e4e1c2f94998a49cf/gson-2.8.2.jar
7feb58f06000-7feb58f0a000 r--s 00025000 08:05 948529                     /app/cache/caches/modules-2/files-2.1/org.antlr/antlr-runtime/3.4/8f011408269a8e42b8548687e137d8eeb56df4b4/antlr-runtime-3.4.jar
7feb58f0a000-7feb58f1b000 r--s 0008a000 08:05 948533                     /app/cache/caches/modules-2/files-2.1/joda-time/joda-time/2.9.9/f7b520c458572890807d143670c9b24f4de90897/joda-time-2.9.9.jar
7feb58f1b000-7feb58f21000 r--s 00044000 08:05 948639                     /app/cache/caches/modules-2/files-2.1/commons-jxpath/commons-jxpath/1.3/c22d7d0f0f40eb7059a23cfa61773a416768b137/commons-jxpath-1.3.jar
7feb58f21000-7feb58f23000 r--s 00016000 08:05 948531                     /app/cache/caches/modules-2/files-2.1/io.netty/netty-transport-native-epoll/4.0.27.Final/3da4eda5697a09c9f8e217bc6a0f265b5b5102c5/netty-transport-native-epoll-4.0.27.Final.jar
7feb58f23000-7feb58f2b000 r--s 00061000 08:05 948621                     /app/cache/caches/modules-2/files-2.1/io.netty/netty-codec-http/4.0.27.Final/59b04b31b58942615c0035c61db1167d118ee218/netty-codec-http-4.0.27.Final.jar
7feb58f2b000-7feb58f2d000 r--s 00003000 08:05 948525                     /app/cache/caches/modules-2/files-2.1/org.apache.tomcat/tomcat-annotations-api/8.5.23/aaf17df9fe0240e9e9d5375d24d5f177174b73d9/tomcat-annotations-api-8.5.23.jar
7feb58f2d000-7feb58f77000 r--s 002f4000 08:05 948637                     /app/cache/caches/modules-2/files-2.1/org.bouncycastle/bcprov-jdk15on/1.55/935f2e57a00ec2c489cbd2ad830d4a399708f979/bcprov-jdk15on-1.55.jar
7feb58f77000-7feb58f7b000 r--s 00024000 08:05 948527                     /app/cache/caches/modules-2/files-2.1/org.codehaus.woodstox/stax2-api/3.1.4/ac19014b1e6a7c08aad07fe114af792676b685b7/stax2-api-3.1.4.jar
7feb58f7b000-7feb58f7d000 r--s 00004000 08:05 948521                     /app/cache/caches/modules-2/files-2.1/javax.xml.stream/stax-api/1.0-2/d6337b0de8b25e53e81b922352fbea9f9f57ba0b/stax-api-1.0-2.jar
7feb58f7d000-7feb58f7f000 r--s 00000000 08:05 948519                     /app/cache/caches/modules-2/files-2.1/aopalliance/aopalliance/1.0/235ba8b489512805ac13a8f9ea77a1ca5ebe3e8/aopalliance-1.0.jar
7feb58f7f000-7feb58f86000 r--s 0003f000 08:05 948536                     /app/cache/caches/modules-2/files-2.1/commons-codec/commons-codec/1.10/4b95f4897fa13f2cd904aee711aeafc0c5295cd8/commons-codec-1.10.jar
7feb58f86000-7feb58f8d000 r--s 00049000 08:05 948517                     /app/cache/caches/modules-2/files-2.1/org.apache.httpcomponents/httpcore/4.4.8/70539e2a07865bab38b4153da1ce599cf081790a/httpcore-4.4.8.jar
7feb58f8d000-7feb58fa0000 r--s 000df000 08:05 948523                     /app/cache/caches/modules-2/files-2.1/org.apache.commons/commons-math/2.2/4877b85d388275f994a5cfc7eceb73a8045d3006/commons-math-2.2.jar
7feb58fa0000-7feb58fa2000 r--s 00005000 08:05 948515                     /app/cache/caches/modules-2/files-2.1/stax/stax-api/1.0.1/49c100caf72d658aca8e58bd74a4ba90fa2b0d70/stax-api-1.0.1.jar
7feb58fa2000-7feb58fa4000 r--s 00003000 08:05 948513                     /app/cache/caches/modules-2/files-2.1/com.google.code.findbugs/jsr305/3.0.1/f7be08ec23c21485b9b5a1cf1654c2ec8c58168d/jsr305-3.0.1.jar
7feb58fa4000-7feb58fb1000 r--s 00083000 08:05 948511                     /app/cache/caches/modules-2/files-2.1/commons-collections/commons-collections/3.2.2/8ad72fe39fa8c91eaaf12aadb21e0c3661fe26d5/commons-collections-3.2.2.jar
7feb58fb1000-7feb58fb6000 r--s 00041000 08:05 948509                     /app/cache/caches/modules-2/files-2.1/commons-lang/commons-lang/2.6/ce1edb914c94ebc388f086c6827e8bdeec71ac2/commons-lang-2.6.jar
7feb58fb6000-7feb58fb7000 r--s 00000000 08:05 948507                     /app/cache/caches/modules-2/files-2.1/javax.inject/javax.inject/1/6975da39a7040257bd51d21a231b76c915872d38/javax.inject-1.jar
7feb58fb7000-7feb58fcf000 r--s 001bf000 08:05 2242236                    /app/cache/caches/modules-2/files-2.1/org.aspectj/aspectjweaver/1.8.11/9807e0e13c8a295f15882721db50fa3d142c44a9/aspectjweaver-1.8.11.jar
7feb58fcf000-7feb58fd1000 r--s 0000c000 08:05 948503                     /app/cache/caches/modules-2/files-2.1/org.ow2.asm/asm/5.0.4/da08b8cce7bbf903602a25a3a163ae252435795/asm-5.0.4.jar
7feb58fd1000-7feb58fd9000 r--s 00072000 08:05 948501                     /app/cache/caches/modules-2/files-2.1/org.apache.commons/commons-lang3/3.7/557edd918fd41f9260963583ebf5a61a43a6b423/commons-lang3-3.7.jar
7feb58fd9000-7feb58fdb000 r--s 0001a000 08:05 948499                     /app/cache/caches/modules-2/files-2.1/org.hdrhistogram/HdrHistogram/2.1.9/e4631ce165eb400edecfa32e03d3f1be53dee754/HdrHistogram-2.1.9.jar
7feb58fdb000-7feb58fdd000 r--s 0000e000 08:05 947798                     /app/cache/caches/modules-2/files-2.1/com.fasterxml/classmate/1.3.4/3d5f48f10bbe4eb7bd862f10c0583be2e0053c6/classmate-1.3.4.jar
7feb58fdd000-7feb58fe0000 r--s 0000e000 08:05 947124                     /app/cache/caches/modules-2/files-2.1/org.jboss.logging/jboss-logging/3.3.1.Final/c46217ab74b532568c0ed31dc599db3048bd1b67/jboss-logging-3.3.1.Final.jar
7feb58fe0000-7feb58fe4000 r--s 0000c000 08:05 823223                     /app/cache/caches/modules-2/files-2.1/javax.validation/validation-api/1.1.0.Final/8613ae82954779d518631e05daa73a6a954817d5/validation-api-1.1.0.Final.jar
7feb58fe4000-7feb58fe8000 r--s 00037000 08:05 823221                     /app/cache/caches/modules-2/files-2.1/org.apache.tomcat.embed/tomcat-embed-el/8.5.23/98d979cde444dffa6d434c8377d0123b2dfa614c/tomcat-embed-el-8.5.23.jar
7feb58fe8000-7feb59011000 r--s 002c7000 08:05 2242240                    /app/cache/caches/modules-2/files-2.1/org.apache.tomcat.embed/tomcat-embed-core/8.5.23/79261793a47f507890ee08f749b9d81774e4f7f0/tomcat-embed-core-8.5.23.jar
7feb59011000-7feb59016000 r--s 00038000 08:05 823217                     /app/cache/caches/modules-2/files-2.1/org.apache.tomcat.embed/tomcat-embed-websocket/8.5.23/52f07abcae10dc7e1764304b0877def175c2c833/tomcat-embed-websocket-8.5.23.jar
7feb59016000-7feb59027000 r--s 00096000 08:05 823219                     /app/cache/caches/modules-2/files-2.1/org.bouncycastle/bcpkix-jdk15on/1.55/6392d8cba22b722c6570d660ca0b3921ff1bae4f/bcpkix-jdk15on-1.55.jar
7feb59027000-7feb59029000 r--s 0000c000 08:05 823213                     /app/cache/caches/modules-2/files-2.1/org.springframework.security/spring-security-crypto/4.2.3.RELEASE/a5c850acc91bff1970fe751d7407df81c4bce3cc/spring-security-crypto-4.2.3.RELEASE.jar
7feb59029000-7feb5902f000 r--s 0003d000 08:05 823215                     /app/cache/caches/modules-2/files-2.1/org.yaml/snakeyaml/1.17/7a27ea250c5130b2922b86dea63cbb1cc10a660c/snakeyaml-1.17.jar
7feb5902f000-7feb59046000 r--s 000fc000 08:05 2242232                    /app/cache/caches/modules-2/files-2.1/org.springframework/spring-core/4.3.12.RELEASE/4cebc69478c6d350dbd5af28e3db7d5694f416e3/spring-core-4.3.12.RELEASE.jar
7feb59046000-7feb5904b000 r--s 0003c000 08:05 823211                     /app/cache/caches/modules-2/files-2.1/org.springframework/spring-expression/4.3.12.RELEASE/790f69f6ad7f9da8d4a92c603ad7244c398c8309/spring-expression-4.3.12.RELEASE.jar
7feb5904b000-7feb59059000 r--s 000ad000 08:05 823209                     /app/cache/caches/modules-2/files-2.1/org.springframework/spring-beans/4.3.12.RELEASE/547dd432d47d0f01d9ccbedc4b705f9f7c1240a/spring-beans-4.3.12.RELEASE.jar
7feb59059000-7feb59062000 r--s 00054000 08:05 823207                     /app/cache/caches/modules-2/files-2.1/org.springframework/spring-aop/4.3.12.RELEASE/b3fef085902993c2ef874c45c7bfd79296d5a5a4/spring-aop-4.3.12.RELEASE.jar
7feb59062000-7feb5907b000 r--s 000fe000 08:05 1340109                    /app/cache/caches/modules-2/files-2.1/org.springframework/spring-context/4.3.12.RELEASE/5e6d26f36636f36b7efec1d6a0c5991284fbd95b/spring-context-4.3.12.RELEASE.jar
7feb5907b000-7feb5907d000 r--s 00005000 08:05 823201                     /app/cache/caches/modules-2/files-2.1/xpp3/xpp3_min/1.1.4c/19d4e90b43059058f6e056f794f0ea4030d60b86/xpp3_min-1.1.4c.jar
7feb5907d000-7feb5907e000 r--s 00001000 08:05 823199                     /app/cache/caches/modules-2/files-2.1/xmlpull/xmlpull/1.1.3.1/2b8e230d2ab644e4ecaa94db7cdedbc40c805dfa/xmlpull-1.1.3.1.jar
7feb5907e000-7feb59084000 r--s 00071000 08:05 823205                     /app/cache/caches/modules-2/files-2.1/org.codehaus.woodstox/woodstox-core-asl/4.4.1/84fee5eb1a4a1cefe65b6883c73b3fa83be3c1a1/woodstox-core-asl-4.4.1.jar
7feb59084000-7feb59091000 r--s 000aa000 08:05 823203                     /app/cache/caches/modules-2/files-2.1/org.apache.httpcomponents/httpclient/4.5.3/d1577ae15f01ef5438c5afc62162457c00a34713/httpclient-4.5.3.jar
7feb59091000-7feb59093000 r--s 0000a000 08:05 823193                     /app/cache/caches/modules-2/files-2.1/javax.ws.rs/jsr311-api/1.1.1/59033da2a1afd56af1ac576750a8d0b1830d59e6/jsr311-api-1.1.1.jar
7feb59093000-7feb5909d000 r--s 00061000 08:05 823197                     /app/cache/caches/modules-2/files-2.1/com.sun.jersey/jersey-core/1.19.1/4282d106f2acd5051bd9bc2935ed9a2920c9385/jersey-core-1.19.1.jar
7feb5909d000-7feb590a0000 r--s 0001e000 08:05 823191                     /app/cache/caches/modules-2/files-2.1/com.sun.jersey/jersey-client/1.19.1/2df97ebd4e5c01599584c45caa3aeb563d268eef/jersey-client-1.19.1.jar
7feb590a0000-7feb590a2000 r--s 00003000 08:05 823185                     /app/cache/caches/modules-2/files-2.1/com.sun.jersey.contribs/jersey-apache-client4/1.19.1/e1c45701a003097ace96bed4bc8fb937e9867498/jersey-apache-client4-1.19.1.jar
7feb590a2000-7feb590a5000 r--s 00012000 08:05 823187                     /app/cache/caches/modules-2/files-2.1/org.codehaus.jettison/jettison/1.3.7/7d36a59a0577f11b12088b9e215d6860345b9e1d/jettison-1.3.7.jar
7feb590a5000-7feb590b5000 r--s 00095000 08:05 823189                     /app/cache/caches/modules-2/files-2.1/org.springframework.boot/spring-boot/1.5.8.RELEASE/748ebde51761e12627ad23d064024f342b18f9b4/spring-boot-1.5.8.RELEASE.jar
7feb590b5000-7feb590d5000 r--s 000e6000 08:05 2242238                    /app/cache/caches/modules-2/files-2.1/org.springframework.boot/spring-boot-autoconfigure/1.5.8.RELEASE/e4f2efa4c319f4e3613d94fbccfdb5ccda6873e3/spring-boot-autoconfigure-1.5.8.RELEASE.jar
7feb590d5000-7feb590d7000 r--s 00009000 08:05 823179                     /app/cache/caches/modules-2/files-2.1/org.slf4j/slf4j-api/1.7.25/da76ca59f6a57ee3102f8f9bd9cee742973efa8a/slf4j-api-1.7.25.jar
7feb590d7000-7feb590d9000 r--s 00004000 08:05 823177                     /app/cache/caches/modules-2/files-2.1/org.slf4j/log4j-over-slf4j/1.7.25/a87bb47468f47ee7aabbd54f93e133d4215769c3/log4j-over-slf4j-1.7.25.jar
7feb590d9000-7feb590db000 r--s 00000000 08:05 823175                     /app/cache/caches/modules-2/files-2.1/org.slf4j/jul-to-slf4j/1.7.25/af5364cd6679bfffb114f0dec8a157aaa283b76/jul-to-slf4j-1.7.25.jar
7feb590db000-7feb590dd000 r--s 00003000 08:05 823081                     /app/cache/caches/modules-2/files-2.1/org.slf4j/jcl-over-slf4j/1.7.25/f8c32b13ff142a513eeb5b6330b1588dcb2c0461/jcl-over-slf4j-1.7.25.jar
7feb590dd000-7feb590e4000 r--s 00045000 08:05 823181                     /app/cache/caches/modules-2/files-2.1/ch.qos.logback/logback-classic/1.1.11/ccedfbacef4a6515d2983e3f89ed753d5d4fb665/logback-classic-1.1.11.jar
7feb590e4000-7feb590e5000 r--s 00000000 08:05 823077                     /app/cache/caches/modules-2/files-2.1/org.springframework.boot/spring-boot-starter-logging/1.5.8.RELEASE/ebc00a0e46753d90431fdcc5e3d6b9fd3bf1564a/spring-boot-starter-logging-1.5.8.RELEASE.jar
7feb590e5000-7feb590e7000 r--s 00002000 08:05 823075                     /app/cache/caches/modules-2/files-2.1/com.netflix.netflix-commons/netflix-statistics/0.1.1/12f6e48253f9cafa0e24d7d232ff504c52143212/netflix-statistics-0.1.1.jar
7feb590e7000-7feb590e8000 r--s 00001000 08:05 823073                     /app/cache/caches/modules-2/files-2.1/com.netflix.netflix-commons/netflix-commons-util/0.1.1/39e67061780476f207b31465baaed84a91ff659f/netflix-commons-util-0.1.1.jar
7feb590e8000-7feb590ec000 r--s 0002a000 08:05 823079                     /app/cache/caches/modules-2/files-2.1/commons-io/commons-io/2.4/b1b6ea3b7e4aa4f492509a4952029cd8e48019ad/commons-io-2.4.jar
7feb590ec000-7feb59117000 r--s 001fc000 08:05 948647                     /app/cache/caches/modules-2/files-2.1/com.google.guava/guava/18.0/cce0823396aa693798f8882e64213b1772032b09/guava-18.0.jar
7feb59117000-7feb5911a000 r--s 00016000 08:05 823071                     /app/cache/caches/modules-2/files-2.1/com.netflix.netflix-commons/netflix-infix/0.3.0/acc65969f7367ddd2f1265e0cd7330509ed530dc/netflix-infix-0.3.0.jar
7feb5911a000-7feb5911e000 r--s 00027000 08:05 823064                     /app/cache/caches/modules-2/files-2.1/com.netflix.servo/servo-internal/0.10.1/bb6f9cd7b309189bad01b93a806ba9d6cb5d915a/servo-internal-0.10.1.jar
7feb5911e000-7feb5912c000 r--s 00097000 08:05 823062                     /app/cache/caches/modules-2/files-2.1/com.google.inject/guice/4.1.0/eeb69005da379a10071aa4948c48d89250febb07/guice-4.1.0.jar
7feb5912c000-7feb59131000 r--s 00032000 08:05 823060                     /app/cache/caches/modules-2/files-2.1/com.netflix.servo/servo-core/0.10.1/7461ed61647f9996c88ad822546ffc7851a45e0e/servo-core-0.10.1.jar
7feb59131000-7feb59135000 r--s 00042000 08:05 823058                     /app/cache/caches/modules-2/files-2.1/com.fasterxml.jackson.core/jackson-core/2.8.10/eb21a035c66ad307e66ec8fce37f5d50fd62d039/jackson-core-2.8.10.jar
7feb59135000-7feb59138000 r--s 0000b000 08:05 823056                     /app/cache/caches/modules-2/files-2.1/com.fasterxml.jackson.core/jackson-annotations/2.8.0/45b426f7796b741035581a176744d91090e2e6fb/jackson-annotations-2.8.0.jar
7feb59138000-7feb5913f000 r--s 00050000 08:05 823054                     /app/cache/caches/modules-2/files-2.1/commons-configuration/commons-configuration/1.8/6cce40435bcd8018018f16898de01976b319941a/commons-configuration-1.8.jar
7feb5913f000-7feb59157000 r--s 000fc000 08:05 948505                     /app/cache/caches/modules-2/files-2.1/io.reactivex/rxjava/1.2.0/42bfaf64c94f3848ebf5cf1c2ea4ec9d1b3ac6c8/rxjava-1.2.0.jar
7feb59157000-7feb59161000 r--s 00059000 08:05 823067                     /app/cache/caches/modules-2/files-2.1/io.reactivex/rxnetty/0.4.9/5aff3c9d6bb9d9066c378bb3d2a4413ed1773bcf/rxnetty-0.4.9.jar
7feb59161000-7feb59163000 r--s 00006000 08:05 823052                     /app/cache/caches/modules-2/files-2.1/io.reactivex/rxnetty-servo/0.4.9/b7d6d6e132686c280f16710eaa3e90719f6808f8/rxnetty-servo-0.4.9.jar
7feb59163000-7feb59166000 r--s 0000b000 08:05 823050                     /app/cache/caches/modules-2/files-2.1/io.reactivex/rxnetty-contexts/0.4.9/6efe17a25602a5424c18ab975aa9c28b6d6b7f56/rxnetty-contexts-0.4.9.jar
7feb59166000-7feb59177000 r--s 000b8000 08:05 823195                     /app/cache/caches/modules-2/files-2.1/org.springframework/spring-web/4.3.12.RELEASE/86c29588cca74d0fc848b194cb13fcdfd12bc990/spring-web-4.3.12.RELEASE.jar
7feb59177000-7feb59188000 r--s 000cf000 08:05 823183                     /app/cache/caches/modules-2/files-2.1/org.springframework/spring-webmvc/4.3.12.RELEASE/986e5dcd4435e780f6be64f8185eaa51523cf851/spring-webmvc-4.3.12.RELEASE.jar
7feb59188000-7feb5919a000 r--s 0011e000 08:05 2242234                    /app/cache/caches/modules-2/files-2.1/com.fasterxml.jackson.core/jackson-databind/2.8.10/f7b83cb2bc4b88d53961e749e1ad32f49ef017b7/jackson-databind-2.8.10.jar
7feb5919a000-7feb5919d000 r--s 00021000 08:05 823046                     /app/cache/caches/modules-2/files-2.1/com.fasterxml.jackson.module/jackson-module-afterburner/2.8.10/7fcd1eabc5d66242d6cc9b6b3f94f946ceb7109c/jackson-module-afterburner-2.8.10.jar
7feb5919d000-7feb591a1000 r--s 0001e000 08:05 823042                     /app/cache/caches/modules-2/files-2.1/com.netflix.archaius/archaius-core/0.7.4/d6b5e5c541452248fd8565ccd0732623c81a30b5/archaius-core-0.7.4.jar
7feb591a1000-7feb591a3000 r--s 0000f000 08:05 823044                     /app/cache/caches/modules-2/files-2.1/com.netflix.netflix-commons/netflix-eventbus/0.3.0/3f864adbe81f0849729fcbba3fe693c32be739ea/netflix-eventbus-0.3.0.jar
7feb591a3000-7feb591a7000 r--s 00011000 08:05 823048                     /app/cache/caches/modules-2/files-2.1/com.netflix.ribbon/ribbon-core/2.2.4/f86e87244899fb0e5afda719aa76b5ce6b87453b/ribbon-core-2.2.4.jar
7feb591a7000-7feb591ab000 r--s 00024000 08:05 820188                     /app/cache/caches/modules-2/files-2.1/com.netflix.ribbon/ribbon-loadbalancer/2.2.4/2927d9956875fe0cbe8cd7d8e845b1943d08548c/ribbon-loadbalancer-2.2.4.jar
7feb591ab000-7feb591ac000 r--s 00009000 08:05 531413                     /app/cache/caches/modules-2/files-2.1/com.netflix.ribbon/ribbon-transport/2.2.4/84c8b4801225ba52a929fdca41ccc0f2177f3db4/ribbon-transport-2.2.4.jar
7feb591ac000-7feb591ae000 r--s 0000c000 08:05 822435                     /app/cache/caches/modules-2/files-2.1/com.netflix.ribbon/ribbon-httpclient/2.2.4/7abf937cdc019e6137aecf5499e95ea213802255/ribbon-httpclient-2.2.4.jar
7feb591ae000-7feb591ba000 r--s 00068000 08:05 823040                     /app/cache/caches/modules-2/files-2.1/com.netflix.hystrix/hystrix-core/1.5.12/75379b6671fcaa9cec33035df684a68ec7741ca6/hystrix-core-1.5.12.jar
7feb591ba000-7feb591bc000 r--s 00007000 08:05 531407                     /app/cache/caches/modules-2/files-2.1/com.netflix.hystrix/hystrix-serialization/1.5.12/ef4a2758e5bc6cf42ae848d4ba3d5363e0a2b27/hystrix-serialization-1.5.12.jar
7feb591bc000-7feb591c0000 r--s 00012000 08:05 531408                     /app/cache/caches/modules-2/files-2.1/com.netflix.ribbon/ribbon/2.2.4/6cd5aaa08e53e8871df633c94dc814f1c365ba5d/ribbon-2.2.4.jar
7feb591c0000-7feb591c6000 r--s 00026000 08:05 820782                     /app/cache/caches/modules-2/files-2.1/com.netflix.hystrix/hystrix-javanica/1.5.12/5e4d888e0dba811e8ac3a9dbc8cbcc511734ace4/hystrix-javanica-1.5.12.jar
7feb591c6000-7feb591c8000 r--s 0000c000 08:05 531406                     /app/cache/caches/modules-2/files-2.1/com.netflix.hystrix/hystrix-metrics-event-stream/1.5.12/3b3beae83ab5e8c10154c9e9581d7c210276e227/hystrix-metrics-event-stream-1.5.12.jar
7feb591c8000-7feb591d8000 r--s 00079000 08:05 823038                     /app/cache/caches/modules-2/files-2.1/org.springframework.boot/spring-boot-actuator/1.5.8.RELEASE/aac530fe877ed91c92831019755c49f29b08e6/spring-boot-actuator-1.5.8.RELEASE.jar
7feb591d8000-7feb591e9000 r--s 000a1000 08:05 822736                     /app/cache/caches/modules-2/files-2.1/org.hibernate/hibernate-validator/5.3.5.Final/622a9bcef2eed6d41b5b8e0662c36212009e375/hibernate-validator-5.3.5.Final.jar
7feb591e9000-7feb591ea000 r--s 00000000 08:05 531395                     /app/cache/caches/modules-2/files-2.1/org.springframework.boot/spring-boot-starter-tomcat/1.5.8.RELEASE/cf3b7eb7e192a60ab1dd09e4f8bce82710a5feb0/spring-boot-starter-tomcat-1.5.8.RELEASE.jar
7feb591ea000-7feb591eb000 r--s 00004000 08:05 531399                     /app/cache/caches/modules-2/files-2.1/org.springframework.security/spring-security-rsa/1.0.3.RELEASE/b0b1ee770597b5de1b51e9a889dfd2dc35d251b0/spring-security-rsa-1.0.3.RELEASE.jar
7feb591eb000-7feb591f0000 r--s 0001a000 08:05 531401                     /app/cache/caches/modules-2/files-2.1/org.springframework.cloud/spring-cloud-commons/1.3.0.RELEASE/abe03c05157401cab39fb59f5bccb8d74c6b3b0a/spring-cloud-commons-1.3.0.RELEASE.jar
7feb591f0000-7feb591f3000 r--s 00015000 08:05 531391                     /app/cache/caches/modules-2/files-2.1/org.springframework.cloud/spring-cloud-context/1.3.0.RELEASE/e16e5b26ea996511dbcee2bb64d89c54a8191d8a/spring-cloud-context-1.3.0.RELEASE.jar
7feb591f3000-7feb591f4000 r--s 00000000 08:05 531390                     /app/cache/caches/modules-2/files-2.1/org.springframework.boot/spring-boot-starter/1.5.8.RELEASE/18048efe1f06569022a53cc3fb2fe9c0162935a3/spring-boot-starter-1.5.8.RELEASE.jar
7feb591f4000-7feb59202000 r--s 00079000 08:05 531410                     /app/cache/caches/modules-2/files-2.1/com.thoughtworks.xstream/xstream/1.4.9/c43f6e6bfa79b56e04a8898a923c3cf7144dd460/xstream-1.4.9.jar
7feb59202000-7feb5920b000 r--s 0005b000 08:05 531400                     /app/cache/caches/modules-2/files-2.1/com.netflix.eureka/eureka-client/1.7.0/1e4a90489cf9863de2b21087dfa443f13be35ae3/eureka-client-1.7.0.jar
7feb5920b000-7feb5920c000 ---p 00000000 00:00 0 
7feb5920c000-7feb5930c000 rw-p 00000000 00:00 0 
7feb5930c000-7feb5930f000 ---p 00000000 00:00 0 
7feb5930f000-7feb5940d000 rw-p 00000000 00:00 0 
7feb5940d000-7feb5940e000 ---p 00000000 00:00 0 
7feb5940e000-7feb59411000 ---p 00000000 00:00 0 
7feb59411000-7feb5950e000 rw-p 00000000 00:00 0 
7feb5950e000-7feb5950f000 ---p 00000000 00:00 0 
7feb5950f000-7feb59512000 ---p 00000000 00:00 0 
7feb59512000-7feb5960f000 rw-p 00000000 00:00 0 
7feb5960f000-7feb59610000 ---p 00000000 00:00 0 
7feb59610000-7feb59613000 ---p 00000000 00:00 0 
7feb59613000-7feb59710000 rw-p 00000000 00:00 0 
7feb59710000-7feb59711000 ---p 00000000 00:00 0 
7feb59711000-7feb59714000 ---p 00000000 00:00 0 
7feb59714000-7feb59811000 rw-p 00000000 00:00 0 
7feb59811000-7feb59814000 ---p 00000000 00:00 0 
7feb59814000-7feb59912000 rw-p 00000000 00:00 0 
7feb59912000-7feb59935000 r--p 00000000 00:4e 91                         /usr/glibc-compat/lib/locale/locale-archive
7feb59935000-7feb59938000 ---p 00000000 00:00 0 
7feb59938000-7feb59a36000 rw-p 00000000 00:00 0 
7feb59a36000-7feb59a39000 ---p 00000000 00:00 0 
7feb59a39000-7feb59b37000 rw-p 00000000 00:00 0 
7feb59b37000-7feb59b38000 ---p 00000000 00:00 0 
7feb59b38000-7feb5b889000 rw-p 00000000 00:00 0 
7feb5b889000-7feb5ba63000 r--s 03d6a000 00:4e 84                         /opt/jdk1.8.0_172/jre/lib/rt.jar
7feb5ba63000-7feb60420000 rw-p 00000000 00:00 0 
7feb60420000-7feb60421000 ---p 00000000 00:00 0 
7feb60421000-7feb60521000 rw-p 00000000 00:00 0 
7feb60521000-7feb60522000 ---p 00000000 00:00 0 
7feb60522000-7feb60622000 rw-p 00000000 00:00 0 
7feb60622000-7feb60623000 ---p 00000000 00:00 0 
7feb60623000-7feb60723000 rw-p 00000000 00:00 0 
7feb60723000-7feb60724000 ---p 00000000 00:00 0 
7feb60724000-7feb60824000 rw-p 00000000 00:00 0 
7feb60824000-7feb60825000 ---p 00000000 00:00 0 
7feb60825000-7feb60925000 rw-p 00000000 00:00 0 
7feb60925000-7feb60926000 ---p 00000000 00:00 0 
7feb60926000-7feb60a26000 rw-p 00000000 00:00 0 
7feb60a26000-7feb60a27000 ---p 00000000 00:00 0 
7feb60a27000-7feb60b27000 rw-p 00000000 00:00 0 
7feb60b27000-7feb60b28000 ---p 00000000 00:00 0 
7feb60b28000-7feb60c55000 rw-p 00000000 00:00 0 
7feb60c55000-7feb60eb7000 ---p 00000000 00:00 0 
7feb60eb7000-7feb60fac000 rw-p 00000000 00:00 0 
7feb60fac000-7feb60fff000 ---p 00000000 00:00 0 
7feb60fff000-7feb61000000 rw-p 00000000 00:00 0 
7feb61000000-7feb623c0000 rwxp 00000000 00:00 0 
7feb623c0000-7feb70000000 ---p 00000000 00:00 0 
7feb70000000-7feb7125f000 rw-p 00000000 00:00 0 
7feb7125f000-7feb74000000 ---p 00000000 00:00 0 
7feb74000000-7feb74002000 r--s 00003000 08:05 531378                     /app/cache/caches/modules-2/files-2.1/com.netflix.ribbon/ribbon-eureka/2.2.4/21a27ef8be22e85df2b837398004aea907a920fb/ribbon-eureka-2.2.4.jar
7feb74002000-7feb74007000 r--s 00039000 08:05 531393                     /app/cache/caches/modules-2/files-2.1/com.netflix.eureka/eureka-core/1.7.0/de4764b03847326717cef268b98022f9daaa7087/eureka-core-1.7.0.jar
7feb74007000-7feb74011000 r--s 0005c000 08:05 531389                     /app/cache/caches/modules-2/files-2.1/org.springframework.cloud/spring-cloud-netflix-core/1.4.0.RELEASE/269f52331438e43210ac7a2ff3a3def16c201316/spring-cloud-netflix-core-1.4.0.RELEASE.jar
7feb74011000-7feb74014000 r--s 00014000 08:05 531381                     /app/cache/caches/modules-2/files-2.1/org.springframework.cloud/spring-cloud-netflix-eureka-client/1.4.0.RELEASE/42725b9b1cf1d1763397461918f8e81d6a28214d/spring-cloud-netflix-eureka-client-1.4.0.RELEASE.jar
7feb74014000-7feb74016000 r--s 00013000 08:05 531383                     /app/cache/caches/modules-2/files-2.1/com.netflix.zuul/zuul-core/1.3.0/3974695eb1c9845a2fc575acfdea2d8d91deba1b/zuul-core-1.3.0.jar
7feb74016000-7feb74017000 r--s 00000000 08:05 531374                     /app/cache/caches/modules-2/files-2.1/org.springframework.boot/spring-boot-starter-actuator/1.5.8.RELEASE/927c40a1af518dc240dfdf7aaf0a9673c3a127c5/spring-boot-starter-actuator-1.5.8.RELEASE.jar
7feb74017000-7feb74018000 r--s 00000000 08:05 948633                     /app/cache/caches/modules-2/files-2.1/org.springframework.boot/spring-boot-starter-web/1.5.8.RELEASE/7e0dc79e3b47be4539ad3c033639133ae6b7a17e/spring-boot-starter-web-1.5.8.RELEASE.jar
7feb74018000-7feb74019000 r--s 00000000 08:05 531368                     /app/cache/caches/modules-2/files-2.1/org.springframework.cloud/spring-cloud-starter/1.3.0.RELEASE/4e77ffd84269a271c1bda469e0cd718653ab8bd1/spring-cloud-starter-1.3.0.RELEASE.jar
7feb74019000-7feb7401a000 r--s 00000000 08:05 531372                     /app/cache/caches/modules-2/files-2.1/org.springframework.cloud/spring-cloud-starter-netflix-archaius/1.4.0.RELEASE/7986096a2f72bc4e60d512fd015a18df68f1a057/spring-cloud-starter-netflix-archaius-1.4.0.RELEASE.jar
7feb7401a000-7feb7401b000 r--s 00000000 08:05 531369                     /app/cache/caches/modules-2/files-2.1/org.springframework.cloud/spring-cloud-starter-netflix-ribbon/1.4.0.RELEASE/cd8fb40e62f8480a5fad90e355a2cb7b3ed382b3/spring-cloud-starter-netflix-ribbon-1.4.0.RELEASE.jar
7feb7401b000-7feb7401c000 r--s 00000000 08:05 531367                     /app/cache/caches/modules-2/files-2.1/org.springframework.cloud/spring-cloud-starter-netflix-hystrix/1.4.0.RELEASE/d122c17820c89a02efba326fc8827fcfe16679d9/spring-cloud-starter-netflix-hystrix-1.4.0.RELEASE.jar
7feb7401c000-7feb74049000 rw-p 00000000 00:00 0 
7feb74049000-7feb742ac000 ---p 00000000 00:00 0 
7feb742ac000-7feb742fb000 rw-p 00000000 00:00 0 
7feb742fb000-7feb7466c000 ---p 00000000 00:00 0 
7feb7466c000-7feb74687000 r-xp 00000000 00:4e 82                         /opt/jdk1.8.0_172/jre/lib/amd64/libzip.so
7feb74687000-7feb74887000 ---p 0001b000 00:4e 82                         /opt/jdk1.8.0_172/jre/lib/amd64/libzip.so
7feb74887000-7feb74888000 rw-p 0001b000 00:4e 82                         /opt/jdk1.8.0_172/jre/lib/amd64/libzip.so
7feb74888000-7feb74893000 r-xp 00000000 00:4e 78                         /usr/glibc-compat/lib/libnss_files-2.27.so
7feb74893000-7feb74a92000 ---p 0000b000 00:4e 78                         /usr/glibc-compat/lib/libnss_files-2.27.so
7feb74a92000-7feb74a93000 r--p 0000a000 00:4e 78                         /usr/glibc-compat/lib/libnss_files-2.27.so
7feb74a93000-7feb74a94000 rw-p 0000b000 00:4e 78                         /usr/glibc-compat/lib/libnss_files-2.27.so
7feb74a94000-7feb74a9a000 rw-p 00000000 00:00 0 
7feb74a9a000-7feb74ac5000 r-xp 00000000 00:4e 63                         /opt/jdk1.8.0_172/jre/lib/amd64/libjava.so
7feb74ac5000-7feb74cc4000 ---p 0002b000 00:4e 63                         /opt/jdk1.8.0_172/jre/lib/amd64/libjava.so
7feb74cc4000-7feb74cc6000 rw-p 0002a000 00:4e 63                         /opt/jdk1.8.0_172/jre/lib/amd64/libjava.so
7feb74cc6000-7feb74cd3000 r-xp 00000000 00:4e 71                         /opt/jdk1.8.0_172/jre/lib/amd64/libverify.so
7feb74cd3000-7feb74ed3000 ---p 0000d000 00:4e 71                         /opt/jdk1.8.0_172/jre/lib/amd64/libverify.so
7feb74ed3000-7feb74ed5000 rw-p 0000d000 00:4e 71                         /opt/jdk1.8.0_172/jre/lib/amd64/libverify.so
7feb74ed5000-7feb74edc000 r-xp 00000000 00:4e 70                         /usr/glibc-compat/lib/librt-2.27.so
7feb74edc000-7feb750db000 ---p 00007000 00:4e 70                         /usr/glibc-compat/lib/librt-2.27.so
7feb750db000-7feb750dc000 r--p 00006000 00:4e 70                         /usr/glibc-compat/lib/librt-2.27.so
7feb750dc000-7feb750dd000 rw-p 00007000 00:4e 70                         /usr/glibc-compat/lib/librt-2.27.so
7feb750dd000-7feb75271000 r-xp 00000000 00:4e 68                         /usr/glibc-compat/lib/libm-2.27.so
7feb75271000-7feb75470000 ---p 00194000 00:4e 68                         /usr/glibc-compat/lib/libm-2.27.so
7feb75470000-7feb75471000 r--p 00193000 00:4e 68                         /usr/glibc-compat/lib/libm-2.27.so
7feb75471000-7feb75472000 rw-p 00194000 00:4e 68                         /usr/glibc-compat/lib/libm-2.27.so
7feb75472000-7feb7614e000 r-xp 00000000 00:4e 66                         /opt/jdk1.8.0_172/jre/lib/amd64/server/libjvm.so
7feb7614e000-7feb7634e000 ---p 00cdc000 00:4e 66                         /opt/jdk1.8.0_172/jre/lib/amd64/server/libjvm.so
7feb7634e000-7feb76428000 rw-p 00cdc000 00:4e 66                         /opt/jdk1.8.0_172/jre/lib/amd64/server/libjvm.so
7feb76428000-7feb76473000 rw-p 00000000 00:00 0 
7feb76473000-7feb7661e000 r-xp 00000000 00:4e 60                         /usr/glibc-compat/lib/libc-2.27.so
7feb7661e000-7feb7681e000 ---p 001ab000 00:4e 60                         /usr/glibc-compat/lib/libc-2.27.so
7feb7681e000-7feb76822000 r--p 001ab000 00:4e 60                         /usr/glibc-compat/lib/libc-2.27.so
7feb76822000-7feb76824000 rw-p 001af000 00:4e 60                         /usr/glibc-compat/lib/libc-2.27.so
7feb76824000-7feb76828000 rw-p 00000000 00:00 0 
7feb76828000-7feb7682b000 r-xp 00000000 00:4e 58                         /usr/glibc-compat/lib/libdl-2.27.so
7feb7682b000-7feb76a2a000 ---p 00003000 00:4e 58                         /usr/glibc-compat/lib/libdl-2.27.so
7feb76a2a000-7feb76a2b000 r--p 00002000 00:4e 58                         /usr/glibc-compat/lib/libdl-2.27.so
7feb76a2b000-7feb76a2c000 rw-p 00003000 00:4e 58                         /usr/glibc-compat/lib/libdl-2.27.so
7feb76a2c000-7feb76a42000 r-xp 00000000 00:4e 56                         /opt/jdk1.8.0_172/lib/amd64/jli/libjli.so
7feb76a42000-7feb76c41000 ---p 00016000 00:4e 56                         /opt/jdk1.8.0_172/lib/amd64/jli/libjli.so
7feb76c41000-7feb76c42000 rw-p 00015000 00:4e 56                         /opt/jdk1.8.0_172/lib/amd64/jli/libjli.so
7feb76c42000-7feb76c5b000 r-xp 00000000 00:4e 55                         /usr/glibc-compat/lib/libpthread-2.27.so
7feb76c5b000-7feb76e5a000 ---p 00019000 00:4e 55                         /usr/glibc-compat/lib/libpthread-2.27.so
7feb76e5a000-7feb76e5b000 r--p 00018000 00:4e 55                         /usr/glibc-compat/lib/libpthread-2.27.so
7feb76e5b000-7feb76e5c000 rw-p 00019000 00:4e 55                         /usr/glibc-compat/lib/libpthread-2.27.so
7feb76e5c000-7feb76e60000 rw-p 00000000 00:00 0 
7feb76e60000-7feb76e85000 r-xp 00000000 00:4e 48                         /usr/glibc-compat/lib/ld-2.27.so
7feb76e85000-7feb76e86000 r--s 00000000 08:05 531364                     /app/cache/caches/modules-2/files-2.1/org.springframework.cloud/spring-cloud-starter-netflix-eureka-client/1.4.0.RELEASE/9d70a14b1898c988259767b3be700fb1469c955a/spring-cloud-starter-netflix-eureka-client-1.4.0.RELEASE.jar
7feb76e86000-7feb76e87000 r--s 00000000 08:05 531387                     /app/cache/caches/modules-2/files-2.1/org.springframework.cloud/spring-cloud-starter-netflix-zuul/1.4.0.RELEASE/376417e8c45718ee7b30039127b8e4abe7bb4442/spring-cloud-starter-netflix-zuul-1.4.0.RELEASE.jar
7feb76e87000-7feb76e88000 r--s 00000000 08:05 531370                     /app/cache/caches/modules-2/files-2.1/org.springframework.cloud/spring-cloud-starter-eureka/1.4.0.RELEASE/d786de8c09734870d3e7679db2324cc7564a9df4/spring-cloud-starter-eureka-1.4.0.RELEASE.jar
7feb76e88000-7feb76e89000 r--s 00000000 08:05 531361                     /app/cache/caches/modules-2/files-2.1/org.springframework.cloud/spring-cloud-starter-zuul/1.4.0.RELEASE/4e21d5212ab09f5a263fb480fe1a6920417299c9/spring-cloud-starter-zuul-1.4.0.RELEASE.jar
7feb76e89000-7feb76f75000 rw-p 00000000 00:00 0 
7feb76f75000-7feb76f7d000 rw-s 00000000 00:4e 131                        /tmp/hsperfdata_root/96
7feb76f7d000-7feb76f7e000 ---p 00000000 00:00 0 
7feb76f7e000-7feb76f81000 ---p 00000000 00:00 0 
7feb76f81000-7feb77083000 rw-p 00000000 00:00 0 
7feb77083000-7feb77084000 ---p 00000000 00:00 0 
7feb77084000-7feb77085000 r--p 00024000 00:4e 48                         /usr/glibc-compat/lib/ld-2.27.so
7feb77085000-7feb77086000 rw-p 00025000 00:4e 48                         /usr/glibc-compat/lib/ld-2.27.so
7feb77086000-7feb77087000 rw-p 00000000 00:00 0 
7ffd427b3000-7ffd427d8000 rw-p 00000000 00:00 0                          [stack]
7ffd427ef000-7ffd427f2000 r--p 00000000 00:00 0                          [vvar]
7ffd427f2000-7ffd427f4000 r-xp 00000000 00:00 0                          [vdso]
ffffffffff600000-ffffffffff601000 r-xp 00000000 00:00 0                  [vsyscall]

VM Arguments:
jvm_args: -Dfile.encoding=UTF-8 -Duser.country -Duser.language=en -Duser.variant 
java_command: com.example.apigateway.ZuulGatewayApplication
java_class_path (initial): /app/build/classes/java/main:/app/build/resources/main:/app/cache/caches/modules-2/files-2.1/org.springframework.cloud/spring-cloud-starter-zuul/1.4.0.RELEASE/4e21d5212ab09f5a263fb480fe1a6920417299c9/spring-cloud-starter-zuul-1.4.0.RELEASE.jar:/app/cache/caches/modules-2/files-2.1/org.springframework.cloud/spring-cloud-starter-eureka/1.4.0.RELEASE/d786de8c09734870d3e7679db2324cc7564a9df4/spring-cloud-starter-eureka-1.4.0.RELEASE.jar:/app/cache/caches/modules-2/files-2.1/org.springframework.cloud/spring-cloud-starter-netflix-zuul/1.4.0.RELEASE/376417e8c45718ee7b30039127b8e4abe7bb4442/spring-cloud-starter-netflix-zuul-1.4.0.RELEASE.jar:/app/cache/caches/modules-2/files-2.1/org.springframework.cloud/spring-cloud-starter-netflix-eureka-client/1.4.0.RELEASE/9d70a14b1898c988259767b3be700fb1469c955a/spring-cloud-starter-netflix-eureka-client-1.4.0.RELEASE.jar:/app/cache/caches/modules-2/files-2.1/org.springframework.cloud/spring-cloud-starter-netflix-hystrix/1.4.0.RELEASE/d122c17820c89a02efba326fc8827fcfe16679d9/spring-cloud-starter-netflix-hystrix-1.4.0.RELEASE.jar:/app/cache/caches/modules-2/files-2.1/org.springframework.cloud/spring-cloud-starter-netflix-ribbon/1.4.0.RELEASE/cd8fb40e62f8480a5fad90e355a2cb7b3ed382b3/spring-cloud-starter-netflix-ribbon-1.4.0.RELEASE.jar:/app/cache/caches/modules-2/files-2.1/org.springframework.cloud/spring-cloud-starter-netflix-archaius/1.4.0.RELEASE/7986096a2f72bc4e60d512fd015a18df68f1a057/spring-cloud-starter-netflix-archaius-1.4.0.RELEASE.jar:/app/cache/caches/modules-2/files-2.1/org.springframework.cloud/spring-cloud-starter/1.3.0.RELEASE/4e77ffd84269a271c1bda469e0cd718653ab8bd1/spring-cloud-starter-1.3.0.RELEASE.jar:/app/cache/caches/modules-2/files-2.1/org.springframework.boot/spring-boot-starter-web/1.5.8.RELEASE/7e0dc79e3b47be4539ad3c033639133ae6b7a17e/spring-boot-starter-web-1.5.8.RELEASE.jar:/app/cache/caches/modules-2/files-2.1/org.springframework.boot/spring-boot-starter-actuator/1.5.8.RELEASE/927c
Launcher Type: SUN_STANDARD

Environment Variables:
JAVA_HOME=/opt/jdk
PATH=/usr/local/sbin:/usr/local/bin:/usr/sbin:/usr/bin:/sbin:/bin:/opt/jdk/bin

Signal Handlers:
SIGSEGV: [libjvm.so+0xad2ab0], sa_mask[0]=11111111011111111101111111111110, sa_flags=SA_RESTART|SA_SIGINFO
SIGBUS: [libjvm.so+0xad2ab0], sa_mask[0]=11111111011111111101111111111110, sa_flags=SA_RESTART|SA_SIGINFO
SIGFPE: [libjvm.so+0x92a790], sa_mask[0]=11111111011111111101111111111110, sa_flags=SA_RESTART|SA_SIGINFO
SIGPIPE: [libjvm.so+0x92a790], sa_mask[0]=11111111011111111101111111111110, sa_flags=SA_RESTART|SA_SIGINFO
SIGXFSZ: [libjvm.so+0x92a790], sa_mask[0]=11111111011111111101111111111110, sa_flags=SA_RESTART|SA_SIGINFO
SIGILL: [libjvm.so+0x92a790], sa_mask[0]=11111111011111111101111111111110, sa_flags=SA_RESTART|SA_SIGINFO
SIGUSR1: SIG_DFL, sa_mask[0]=00000000000000000000000000000000, sa_flags=none
SIGUSR2: [libjvm.so+0x92bff0], sa_mask[0]=00100000000000000000000000000000, sa_flags=SA_RESTART|SA_SIGINFO
SIGHUP: [libjvm.so+0x92d3f0], sa_mask[0]=11111111011111111101111111111110, sa_flags=SA_RESTART|SA_SIGINFO
SIGINT: [libjvm.so+0x92d3f0], sa_mask[0]=11111111011111111101111111111110, sa_flags=SA_RESTART|SA_SIGINFO
SIGTERM: [libjvm.so+0x92d3f0], sa_mask[0]=11111111011111111101111111111110, sa_flags=SA_RESTART|SA_SIGINFO
SIGQUIT: [libjvm.so+0x92d3f0], sa_mask[0]=11111111011111111101111111111110, sa_flags=SA_RESTART|SA_SIGINFO


---------------  S Y S T E M  ---------------

OS:NAME="Alpine Linux"
ID=alpine
VERSION_ID=3.7.0
PRETTY_NAME="Alpine Linux v3.7"
HOME_URL="http://alpinelinux.org"
BUG_REPORT_URL="http://bugs.alpinelinux.org"

uname:Linux 4.13.0-43-generic #48-Ubuntu SMP Wed May 16 12:18:48 UTC 2018 x86_64
libc:glibc 2.27 NPTL 2.27 
rlimit: STACK 8192k, CORE infinity, NPROC infinity, NOFILE 1048576, AS infinity
load average:4.68 2.26 1.91

/proc/meminfo:
MemTotal:        8050160 kB
MemFree:          128844 kB
MemAvailable:      44536 kB
Buffers:            2092 kB
Cached:           495276 kB
SwapCached:        10984 kB
Active:          5754352 kB
Inactive:        1706472 kB
Active(anon):    5744820 kB
Inactive(anon):  1693796 kB
Active(file):       9532 kB
Inactive(file):    12676 kB
Unevictable:         392 kB
Mlocked:             392 kB
SwapTotal:       2097148 kB
SwapFree:              4 kB
Dirty:               344 kB
Writeback:             0 kB
AnonPages:       6956488 kB
Mapped:           359744 kB
Shmem:            475084 kB
Slab:             232736 kB
SReclaimable:      91256 kB
SUnreclaim:       141480 kB
KernelStack:       28496 kB
PageTables:       106832 kB
NFS_Unstable:          0 kB
Bounce:                0 kB
WritebackTmp:          0 kB
CommitLimit:     6122228 kB
Committed_AS:   21086500 kB
VmallocTotal:   34359738367 kB
VmallocUsed:           0 kB
VmallocChunk:          0 kB
HardwareCorrupted:     0 kB
AnonHugePages:         0 kB
ShmemHugePages:        0 kB
ShmemPmdMapped:        0 kB
CmaTotal:              0 kB
CmaFree:               0 kB
HugePages_Total:       0
HugePages_Free:        0
HugePages_Rsvd:        0
HugePages_Surp:        0
Hugepagesize:       2048 kB
DirectMap4k:      390364 kB
DirectMap2M:     7880704 kB
DirectMap1G:           0 kB


CPU:total 8 (initial active 8) (4 cores per cpu, 2 threads per core) family 6 model 158 stepping 9, cmov, cx8, fxsr, mmx, sse, sse2, sse3, ssse3, sse4.1, sse4.2, popcnt, avx, avx2, aes, clmul, erms, 3dnowpref, lzcnt, ht, tsc, tscinvbit, bmi1, bmi2, adx

/proc/cpuinfo:
processor	: 0
vendor_id	: GenuineIntel
cpu family	: 6
model		: 158
model name	: Intel(R) Core(TM) i7-7700HQ CPU @ 2.80GHz
stepping	: 9
microcode	: 0x84
cpu MHz		: 3399.998
cache size	: 6144 KB
physical id	: 0
siblings	: 8
core id		: 0
cpu cores	: 4
apicid		: 0
initial apicid	: 0
fpu		: yes
fpu_exception	: yes
cpuid level	: 22
wp		: yes
flags		: fpu vme de pse tsc msr pae mce cx8 apic sep mtrr pge mca cmov pat pse36 clflush dts acpi mmx fxsr sse sse2 ss ht tm pbe syscall nx pdpe1gb rdtscp lm constant_tsc art arch_perfmon pebs bts rep_good nopl xtopology nonstop_tsc cpuid aperfmperf tsc_known_freq pni pclmulqdq dtes64 monitor ds_cpl vmx est tm2 ssse3 sdbg fma cx16 xtpr pdcm pcid sse4_1 sse4_2 x2apic movbe popcnt tsc_deadline_timer aes xsave avx f16c rdrand lahf_lm abm 3dnowprefetch cpuid_fault epb invpcid_single pti retpoline intel_pt rsb_ctxsw spec_ctrl tpr_shadow vnmi flexpriority ept vpid fsgsbase tsc_adjust bmi1 avx2 smep bmi2 erms invpcid mpx rdseed adx smap clflushopt xsaveopt xsavec xgetbv1 xsaves dtherm ida arat pln pts hwp hwp_notify hwp_act_window hwp_epp
bugs		: cpu_meltdown spectre_v1 spectre_v2 spec_store_bypass
bogomips	: 5616.00
clflush size	: 64
cache_alignment	: 64
address sizes	: 39 bits physical, 48 bits virtual
power management:

processor	: 1
vendor_id	: GenuineIntel
cpu family	: 6
model		: 158
model name	: Intel(R) Core(TM) i7-7700HQ CPU @ 2.80GHz
stepping	: 9
microcode	: 0x84
cpu MHz		: 3399.999
cache size	: 6144 KB
physical id	: 0
siblings	: 8
core id		: 1
cpu cores	: 4
apicid		: 2
initial apicid	: 2
fpu		: yes
fpu_exception	: yes
cpuid level	: 22
wp		: yes
flags		: fpu vme de pse tsc msr pae mce cx8 apic sep mtrr pge mca cmov pat pse36 clflush dts acpi mmx fxsr sse sse2 ss ht tm pbe syscall nx pdpe1gb rdtscp lm constant_tsc art arch_perfmon pebs bts rep_good nopl xtopology nonstop_tsc cpuid aperfmperf tsc_known_freq pni pclmulqdq dtes64 monitor ds_cpl vmx est tm2 ssse3 sdbg fma cx16 xtpr pdcm pcid sse4_1 sse4_2 x2apic movbe popcnt tsc_deadline_timer aes xsave avx f16c rdrand lahf_lm abm 3dnowprefetch cpuid_fault epb invpcid_single pti retpoline intel_pt rsb_ctxsw tpr_shadow vnmi flexpriority ept vpid fsgsbase tsc_adjust bmi1 avx2 smep bmi2 erms invpcid mpx rdseed adx smap clflushopt xsaveopt xsavec xgetbv1 xsaves dtherm ida arat pln pts hwp hwp_notify hwp_act_window hwp_epp
bugs		: cpu_meltdown spectre_v1 spectre_v2 spec_store_bypass
bogomips	: 5616.00
clflush size	: 64
cache_alignment	: 64
address sizes	: 39 bits physical, 48 bits virtual
power management:

processor	: 2
vendor_id	: GenuineIntel
cpu family	: 6
model		: 158
model name	: Intel(R) Core(TM) i7-7700HQ CPU @ 2.80GHz
stepping	: 9
microcode	: 0x84
cpu MHz		: 3400.015
cache size	: 6144 KB
physical id	: 0
siblings	: 8
core id		: 2
cpu cores	: 4
apicid		: 4
initial apicid	: 4
fpu		: yes
fpu_exception	: yes
cpuid level	: 22
wp		: yes
flags		: fpu vme de pse tsc msr pae mce cx8 apic sep mtrr pge mca cmov pat pse36 clflush dts acpi mmx fxsr sse sse2 ss ht tm pbe syscall nx pdpe1gb rdtscp lm constant_tsc art arch_perfmon pebs bts rep_good nopl xtopology nonstop_tsc cpuid aperfmperf tsc_known_freq pni pclmulqdq dtes64 monitor ds_cpl vmx est tm2 ssse3 sdbg fma cx16 xtpr pdcm pcid sse4_1 sse4_2 x2apic movbe popcnt tsc_deadline_timer aes xsave avx f16c rdrand lahf_lm abm 3dnowprefetch cpuid_fault epb invpcid_single pti retpoline intel_pt rsb_ctxsw tpr_shadow vnmi flexpriority ept vpid fsgsbase tsc_adjust bmi1 avx2 smep bmi2 erms invpcid mpx rdseed adx smap clflushopt xsaveopt xsavec xgetbv1 xsaves dtherm ida arat pln pts hwp hwp_notify hwp_act_window hwp_epp
bugs		: cpu_meltdown spectre_v1 spectre_v2 spec_store_bypass
bogomips	: 5616.00
clflush size	: 64
cache_alignment	: 64
address sizes	: 39 bits physical, 48 bits virtual
power management:

processor	: 3
vendor_id	: GenuineIntel
cpu family	: 6
model		: 158
model name	: Intel(R) Core(TM) i7-7700HQ CPU @ 2.80GHz
stepping	: 9
microcode	: 0x84
cpu MHz		: 3400.113
cache size	: 6144 KB
physical id	: 0
siblings	: 8
core id		: 3
cpu cores	: 4
apicid		: 6
initial apicid	: 6
fpu		: yes
fpu_exception	: yes
cpuid level	: 22
wp		: yes
flags		: fpu vme de pse tsc msr pae mce cx8 apic sep mtrr pge mca cmov pat pse36 clflush dts acpi mmx fxsr sse sse2 ss ht tm pbe syscall nx pdpe1gb rdtscp lm constant_tsc art arch_perfmon pebs bts rep_good nopl xtopology nonstop_tsc cpuid aperfmperf tsc_known_freq pni pclmulqdq dtes64 monitor ds_cpl vmx est tm2 ssse3 sdbg fma cx16 xtpr pdcm pcid sse4_1 sse4_2 x2apic movbe popcnt tsc_deadline_timer aes xsave avx f16c rdrand lahf_lm abm 3dnowprefetch cpuid_fault epb invpcid_single pti retpoline intel_pt rsb_ctxsw tpr_shadow vnmi flexpriority ept vpid fsgsbase tsc_adjust bmi1 avx2 smep bmi2 erms invpcid mpx rdseed adx smap clflushopt xsaveopt xsavec xgetbv1 xsaves dtherm ida arat pln pts hwp hwp_notify hwp_act_window hwp_epp
bugs		: cpu_meltdown spectre_v1 spectre_v2 spec_store_bypass
bogomips	: 5616.00
clflush size	: 64
cache_alignment	: 64
address sizes	: 39 bits physical, 48 bits virtual
power management:

processor	: 4
vendor_id	: GenuineIntel
cpu family	: 6
model		: 158
model name	: Intel(R) Core(TM) i7-7700HQ CPU @ 2.80GHz
stepping	: 9
microcode	: 0x84
cpu MHz		: 3400.049
cache size	: 6144 KB
physical id	: 0
siblings	: 8
core id		: 0
cpu cores	: 4
apicid		: 1
initial apicid	: 1
fpu		: yes
fpu_exception	: yes
cpuid level	: 22
wp		: yes
flags		: fpu vme de pse tsc msr pae mce cx8 apic sep mtrr pge mca cmov pat pse36 clflush dts acpi mmx fxsr sse sse2 ss ht tm pbe syscall nx pdpe1gb rdtscp lm constant_tsc art arch_perfmon pebs bts rep_good nopl xtopology nonstop_tsc cpuid aperfmperf tsc_known_freq pni pclmulqdq dtes64 monitor ds_cpl vmx est tm2 ssse3 sdbg fma cx16 xtpr pdcm pcid sse4_1 sse4_2 x2apic movbe popcnt tsc_deadline_timer aes xsave avx f16c rdrand lahf_lm abm 3dnowprefetch cpuid_fault epb invpcid_single pti retpoline intel_pt rsb_ctxsw spec_ctrl tpr_shadow vnmi flexpriority ept vpid fsgsbase tsc_adjust bmi1 avx2 smep bmi2 erms invpcid mpx rdseed adx smap clflushopt xsaveopt xsavec xgetbv1 xsaves dtherm ida arat pln pts hwp hwp_notify hwp_act_window hwp_epp
bugs		: cpu_meltdown spectre_v1 spectre_v2 spec_store_bypass
bogomips	: 5616.00
clflush size	: 64
cache_alignment	: 64
address sizes	: 39 bits physical, 48 bits virtual
power management:

processor	: 5
vendor_id	: GenuineIntel
cpu family	: 6
model		: 158
model name	: Intel(R) Core(TM) i7-7700HQ CPU @ 2.80GHz
stepping	: 9
microcode	: 0x84
cpu MHz		: 3400.002
cache size	: 6144 KB
physical id	: 0
siblings	: 8
core id		: 1
cpu cores	: 4
apicid		: 3
initial apicid	: 3
fpu		: yes
fpu_exception	: yes
cpuid level	: 22
wp		: yes
flags		: fpu vme de pse tsc msr pae mce cx8 apic sep mtrr pge mca cmov pat pse36 clflush dts acpi mmx fxsr sse sse2 ss ht tm pbe syscall nx pdpe1gb rdtscp lm constant_tsc art arch_perfmon pebs bts rep_good nopl xtopology nonstop_tsc cpuid aperfmperf tsc_known_freq pni pclmulqdq dtes64 monitor ds_cpl vmx est tm2 ssse3 sdbg fma cx16 xtpr pdcm pcid sse4_1 sse4_2 x2apic movbe popcnt tsc_deadline_timer aes xsave avx f16c rdrand lahf_lm abm 3dnowprefetch cpuid_fault epb invpcid_single pti retpoline intel_pt rsb_ctxsw spec_ctrl tpr_shadow vnmi flexpriority ept vpid fsgsbase tsc_adjust bmi1 avx2 smep bmi2 erms invpcid mpx rdseed adx smap clflushopt xsaveopt xsavec xgetbv1 xsaves dtherm ida arat pln pts hwp hwp_notify hwp_act_window hwp_epp
bugs		: cpu_meltdown spectre_v1 spectre_v2 spec_store_bypass
bogomips	: 5616.00
clflush size	: 64
cache_alignment	: 64
address sizes	: 39 bits physical, 48 bits virtual
power management:

processor	: 6
vendor_id	: GenuineIntel
cpu family	: 6
model		: 158
model name	: Intel(R) Core(TM) i7-7700HQ CPU @ 2.80GHz
stepping	: 9
microcode	: 0x84
cpu MHz		: 3400.000
cache size	: 6144 KB
physical id	: 0
siblings	: 8
core id		: 2
cpu cores	: 4
apicid		: 5
initial apicid	: 5
fpu		: yes
fpu_exception	: yes
cpuid level	: 22
wp		: yes
flags		: fpu vme de pse tsc msr pae mce cx8 apic sep mtrr pge mca cmov pat pse36 clflush dts acpi mmx fxsr sse sse2 ss ht tm pbe syscall nx pdpe1gb rdtscp lm constant_tsc art arch_perfmon pebs bts rep_good nopl xtopology nonstop_tsc cpuid aperfmperf tsc_known_freq pni pclmulqdq dtes64 monitor ds_cpl vmx est tm2 ssse3 sdbg fma cx16 xtpr pdcm pcid sse4_1 sse4_2 x2apic movbe popcnt tsc_deadline_timer aes xsave avx f16c rdrand lahf_lm abm 3dnowprefetch cpuid_fault epb invpcid_single pti retpoline intel_pt rsb_ctxsw spec_ctrl tpr_shadow vnmi flexpriority ept vpid fsgsbase tsc_adjust bmi1 avx2 smep bmi2 erms invpcid mpx rdseed adx smap clflushopt xsaveopt xsavec xgetbv1 xsaves dtherm ida arat pln pts hwp hwp_notify hwp_act_window hwp_epp
bugs		: cpu_meltdown spectre_v1 spectre_v2 spec_store_bypass
bogomips	: 5616.00
clflush size	: 64
cache_alignment	: 64
address sizes	: 39 bits physical, 48 bits virtual
power management:

processor	: 7
vendor_id	: GenuineIntel
cpu family	: 6
model		: 158
model name	: Intel(R) Core(TM) i7-7700HQ CPU @ 2.80GHz
stepping	: 9
microcode	: 0x84
cpu MHz		: 3400.001
cache size	: 6144 KB
physical id	: 0
siblings	: 8
core id		: 3
cpu cores	: 4
apicid		: 7
initial apicid	: 7
fpu		: yes
fpu_exception	: yes
cpuid level	: 22
wp		: yes
flags		: fpu vme de pse tsc msr pae mce cx8 apic sep mtrr pge mca cmov pat pse36 clflush dts acpi mmx fxsr sse sse2 ss ht tm pbe syscall nx pdpe1gb rdtscp lm constant_tsc art arch_perfmon pebs bts rep_good nopl xtopology nonstop_tsc cpuid aperfmperf tsc_known_freq pni pclmulqdq dtes64 monitor ds_cpl vmx est tm2 ssse3 sdbg fma cx16 xtpr pdcm pcid sse4_1 sse4_2 x2apic movbe popcnt tsc_deadline_timer aes xsave avx f16c rdrand lahf_lm abm 3dnowprefetch cpuid_fault epb invpcid_single pti retpoline intel_pt rsb_ctxsw spec_ctrl tpr_shadow vnmi flexpriority ept vpid fsgsbase tsc_adjust bmi1 avx2 smep bmi2 erms invpcid mpx rdseed adx smap clflushopt xsaveopt xsavec xgetbv1 xsaves dtherm ida arat pln pts hwp hwp_notify hwp_act_window hwp_epp
bugs		: cpu_meltdown spectre_v1 spectre_v2 spec_store_bypass
bogomips	: 5616.00
clflush size	: 64
cache_alignment	: 64
address sizes	: 39 bits physical, 48 bits virtual
power management:



Memory: 4k page, physical 8050160k(125792k free), swap 2097148k(0k free)

vm_info: Java HotSpot(TM) 64-Bit Server VM (25.172-b11) for linux-amd64 JRE (1.8.0_172-b11), built on Mar 28 2018 21:44:09 by "java_re" with gcc 4.3.0 20080428 (Red Hat 4.3.0-8)

time: Thu Jun  7 23:10:13 2018
elapsed time: 56 seconds (0d 0h 0m 56s)

